This is pdfTeX, Version 3.14159265-2.6-1.40.17 (TeX Live 2016/W32TeX) (preloaded format=pdflatex 2017.3.30)  17 JUN 2018 15:19
entering extended mode
 restricted \write18 enabled.
 %&-line parsing enabled.
**./homework-sto.tex
(./homework-sto.tex
LaTeX2e <2017/01/01> patch level 3
Babel <3.9r> and hyphenation patterns for 83 language(s) loaded.
(d:/tex/texmf-dist/tex/latex/ctex/ctexart.cls
(d:/tex/texmf-dist/tex/latex/l3kernel/expl3.sty
Package: expl3 2017/03/18 v7019 L3 programming layer (loader) 

(d:/tex/texmf-dist/tex/latex/l3kernel/expl3-code.tex
Package: expl3 2017/03/18 v7019 L3 programming layer (code)
\c_max_int=\count79
\l_tmpa_int=\count80
\l_tmpb_int=\count81
\g_tmpa_int=\count82
\g_tmpb_int=\count83
\g__prg_map_int=\count84
\c_log_iow=\count85
\l_iow_line_count_int=\count86
\l__iow_line_target_int=\count87
\l__iow_one_indent_int=\count88
\l__iow_indent_int=\count89
\c_zero_dim=\dimen102
\c_max_dim=\dimen103
\l_tmpa_dim=\dimen104
\l_tmpb_dim=\dimen105
\g_tmpa_dim=\dimen106
\g_tmpb_dim=\dimen107
\c_zero_skip=\skip41
\c_max_skip=\skip42
\l_tmpa_skip=\skip43
\l_tmpb_skip=\skip44
\g_tmpa_skip=\skip45
\g_tmpb_skip=\skip46
\c_zero_muskip=\muskip10
\c_max_muskip=\muskip11
\l_tmpa_muskip=\muskip12
\l_tmpb_muskip=\muskip13
\g_tmpa_muskip=\muskip14
\g_tmpb_muskip=\muskip15
\l_keys_choice_int=\count90
\c__fp_leading_shift_int=\count91
\c__fp_middle_shift_int=\count92
\c__fp_trailing_shift_int=\count93
\c__fp_big_leading_shift_int=\count94
\c__fp_big_middle_shift_int=\count95
\c__fp_big_trailing_shift_int=\count96
\c__fp_Bigg_leading_shift_int=\count97
\c__fp_Bigg_middle_shift_int=\count98
\c__fp_Bigg_trailing_shift_int=\count99
\c__fp_rand_size_int=\count100
\c__fp_rand_four_int=\count101
\c__fp_rand_eight_int=\count102
\l__sort_length_int=\count103
\l__sort_min_int=\count104
\l__sort_top_int=\count105
\l__sort_max_int=\count106
\l__sort_true_max_int=\count107
\l__sort_block_int=\count108
\l__sort_begin_int=\count109
\l__sort_end_int=\count110
\l__sort_A_int=\count111
\l__sort_B_int=\count112
\l__sort_C_int=\count113
\c_empty_box=\box26
\l_tmpa_box=\box27
\l_tmpb_box=\box28
\g_tmpa_box=\box29
\g_tmpb_box=\box30
\l__coffin_internal_box=\box31
\l__coffin_internal_dim=\dimen108
\l__coffin_offset_x_dim=\dimen109
\l__coffin_offset_y_dim=\dimen110
\l__coffin_x_dim=\dimen111
\l__coffin_y_dim=\dimen112
\l__coffin_x_prime_dim=\dimen113
\l__coffin_y_prime_dim=\dimen114
\c_empty_coffin=\box32
\l__coffin_aligned_coffin=\box33
\l__coffin_aligned_internal_coffin=\box34
\l_tmpa_coffin=\box35
\l_tmpb_coffin=\box36
\l__coffin_display_coffin=\box37
\l__coffin_display_coord_coffin=\box38
\l__coffin_display_pole_coffin=\box39
\l__coffin_display_offset_dim=\dimen115
\l__coffin_display_x_dim=\dimen116
\l__coffin_display_y_dim=\dimen117
\l__box_top_dim=\dimen118
\l__box_bottom_dim=\dimen119
\l__box_left_dim=\dimen120
\l__box_right_dim=\dimen121
\l__box_top_new_dim=\dimen122
\l__box_bottom_new_dim=\dimen123
\l__box_left_new_dim=\dimen124
\l__box_right_new_dim=\dimen125
\l__box_internal_box=\box40
\l__coffin_bounding_shift_dim=\dimen126
\l__coffin_left_corner_dim=\dimen127
\l__coffin_right_corner_dim=\dimen128
\l__coffin_bottom_corner_dim=\dimen129
\l__coffin_top_corner_dim=\dimen130
\l__coffin_scaled_total_height_dim=\dimen131
\l__coffin_scaled_width_dim=\dimen132
)
(d:/tex/texmf-dist/tex/latex/l3kernel/l3pdfmode.def
File: l3pdfmode.def 2017/03/18 v7019 L3 Experimental driver: PDF mode
\l__driver_color_stack_int=\count114
\l__driver_tmp_box=\box41
))
Document Class: ctexart 2017/02/23 v2.4.8 Chinese adapter for class article (CT
EX)
(d:/tex/texmf-dist/tex/latex/l3packages/xparse/xparse.sty
Package: xparse 2017/03/18 v7019 L3 Experimental document command parser
\l__xparse_current_arg_int=\count115
\g__xparse_grabber_int=\count116
\l__xparse_m_args_int=\count117
\l__xparse_mandatory_args_int=\count118
\l__xparse_v_nesting_int=\count119
)
(d:/tex/texmf-dist/tex/latex/l3packages/l3keys2e/l3keys2e.sty
Package: l3keys2e 2017/03/18 v7019 LaTeX2e option processing using LaTeX3 keys
)
\g__file_internal_ior=\read1

(d:/tex/texmf-dist/tex/latex/ctex/ctexhook.sty
Package: ctexhook 2017/02/23 v2.4.8 Document and package hooks (CTEX)
)
(d:/tex/texmf-dist/tex/latex/ctex/ctexpatch.sty
Package: ctexpatch 2017/02/23 v2.4.8 Patching commands (CTEX)
)
(d:/tex/texmf-dist/tex/latex/base/fix-cm.sty
Package: fix-cm 2015/01/14 v1.1t fixes to LaTeX

(d:/tex/texmf-dist/tex/latex/base/ts1enc.def
File: ts1enc.def 2001/06/05 v3.0e (jk/car/fm) Standard LaTeX file
))
(d:/tex/texmf-dist/tex/latex/ms/everysel.sty
Package: everysel 2011/10/28 v1.2 EverySelectfont Package (MS)
)
\l__ctex_tmp_int=\count120
\l__ctex_tmp_box=\box42
\l__ctex_tmp_dim=\dimen133

(d:/tex/texmf-dist/tex/latex/ctex/config/ctexopts.cfg
File: ctexopts.cfg 2017/02/23 v2.4.8 Option configuration file (CTEX)
)
(d:/tex/texmf-dist/tex/latex/base/article.cls
Document Class: article 2014/09/29 v1.4h Standard LaTeX document class
(d:/tex/texmf-dist/tex/latex/base/size10.clo
File: size10.clo 2014/09/29 v1.4h Standard LaTeX file (size option)
)
\c@part=\count121
\c@section=\count122
\c@subsection=\count123
\c@subsubsection=\count124
\c@paragraph=\count125
\c@subparagraph=\count126
\c@figure=\count127
\c@table=\count128
\abovecaptionskip=\skip47
\belowcaptionskip=\skip48
\bibindent=\dimen134
)
(d:/tex/texmf-dist/tex/latex/ctex/engine/ctex-engine-pdftex.def
File: ctex-engine-pdftex.def 2017/02/23 v2.4.8 (pdf)LaTeX adapter (CTEX)

(d:/tex/texmf-dist/tex/latex/cjk/texinput/CJKutf8.sty
Package: CJKutf8 2015/04/18 4.8.4

(d:/tex/texmf-dist/tex/generic/oberdiek/ifpdf.sty
Package: ifpdf 2017/03/15 v3.2 Provides the ifpdf switch
)
(d:/tex/texmf-dist/tex/latex/base/inputenc.sty
Package: inputenc 2015/03/17 v1.2c Input encoding file
\inpenc@prehook=\toks14
\inpenc@posthook=\toks15

(d:/tex/texmf-dist/tex/latex/base/utf8.def
File: utf8.def 2017/01/28 v1.1t UTF-8 support for inputenc
Now handling font encoding OML ...
... no UTF-8 mapping file for font encoding OML
Now handling font encoding T1 ...
... processing UTF-8 mapping file for font encoding T1

(d:/tex/texmf-dist/tex/latex/base/t1enc.dfu
File: t1enc.dfu 2017/01/28 v1.1t UTF-8 support for inputenc
   defining Unicode char U+00A0 (decimal 160)
   defining Unicode char U+00A1 (decimal 161)
   defining Unicode char U+00A3 (decimal 163)
   defining Unicode char U+00AB (decimal 171)
   defining Unicode char U+00AD (decimal 173)
   defining Unicode char U+00BB (decimal 187)
   defining Unicode char U+00BF (decimal 191)
   defining Unicode char U+00C0 (decimal 192)
   defining Unicode char U+00C1 (decimal 193)
   defining Unicode char U+00C2 (decimal 194)
   defining Unicode char U+00C3 (decimal 195)
   defining Unicode char U+00C4 (decimal 196)
   defining Unicode char U+00C5 (decimal 197)
   defining Unicode char U+00C6 (decimal 198)
   defining Unicode char U+00C7 (decimal 199)
   defining Unicode char U+00C8 (decimal 200)
   defining Unicode char U+00C9 (decimal 201)
   defining Unicode char U+00CA (decimal 202)
   defining Unicode char U+00CB (decimal 203)
   defining Unicode char U+00CC (decimal 204)
   defining Unicode char U+00CD (decimal 205)
   defining Unicode char U+00CE (decimal 206)
   defining Unicode char U+00CF (decimal 207)
   defining Unicode char U+00D0 (decimal 208)
   defining Unicode char U+00D1 (decimal 209)
   defining Unicode char U+00D2 (decimal 210)
   defining Unicode char U+00D3 (decimal 211)
   defining Unicode char U+00D4 (decimal 212)
   defining Unicode char U+00D5 (decimal 213)
   defining Unicode char U+00D6 (decimal 214)
   defining Unicode char U+00D8 (decimal 216)
   defining Unicode char U+00D9 (decimal 217)
   defining Unicode char U+00DA (decimal 218)
   defining Unicode char U+00DB (decimal 219)
   defining Unicode char U+00DC (decimal 220)
   defining Unicode char U+00DD (decimal 221)
   defining Unicode char U+00DE (decimal 222)
   defining Unicode char U+00DF (decimal 223)
   defining Unicode char U+00E0 (decimal 224)
   defining Unicode char U+00E1 (decimal 225)
   defining Unicode char U+00E2 (decimal 226)
   defining Unicode char U+00E3 (decimal 227)
   defining Unicode char U+00E4 (decimal 228)
   defining Unicode char U+00E5 (decimal 229)
   defining Unicode char U+00E6 (decimal 230)
   defining Unicode char U+00E7 (decimal 231)
   defining Unicode char U+00E8 (decimal 232)
   defining Unicode char U+00E9 (decimal 233)
   defining Unicode char U+00EA (decimal 234)
   defining Unicode char U+00EB (decimal 235)
   defining Unicode char U+00EC (decimal 236)
   defining Unicode char U+00ED (decimal 237)
   defining Unicode char U+00EE (decimal 238)
   defining Unicode char U+00EF (decimal 239)
   defining Unicode char U+00F0 (decimal 240)
   defining Unicode char U+00F1 (decimal 241)
   defining Unicode char U+00F2 (decimal 242)
   defining Unicode char U+00F3 (decimal 243)
   defining Unicode char U+00F4 (decimal 244)
   defining Unicode char U+00F5 (decimal 245)
   defining Unicode char U+00F6 (decimal 246)
   defining Unicode char U+00F8 (decimal 248)
   defining Unicode char U+00F9 (decimal 249)
   defining Unicode char U+00FA (decimal 250)
   defining Unicode char U+00FB (decimal 251)
   defining Unicode char U+00FC (decimal 252)
   defining Unicode char U+00FD (decimal 253)
   defining Unicode char U+00FE (decimal 254)
   defining Unicode char U+00FF (decimal 255)
   defining Unicode char U+0100 (decimal 256)
   defining Unicode char U+0101 (decimal 257)
   defining Unicode char U+0102 (decimal 258)
   defining Unicode char U+0103 (decimal 259)
   defining Unicode char U+0104 (decimal 260)
   defining Unicode char U+0105 (decimal 261)
   defining Unicode char U+0106 (decimal 262)
   defining Unicode char U+0107 (decimal 263)
   defining Unicode char U+0108 (decimal 264)
   defining Unicode char U+0109 (decimal 265)
   defining Unicode char U+010A (decimal 266)
   defining Unicode char U+010B (decimal 267)
   defining Unicode char U+010C (decimal 268)
   defining Unicode char U+010D (decimal 269)
   defining Unicode char U+010E (decimal 270)
   defining Unicode char U+010F (decimal 271)
   defining Unicode char U+0110 (decimal 272)
   defining Unicode char U+0111 (decimal 273)
   defining Unicode char U+0112 (decimal 274)
   defining Unicode char U+0113 (decimal 275)
   defining Unicode char U+0114 (decimal 276)
   defining Unicode char U+0115 (decimal 277)
   defining Unicode char U+0116 (decimal 278)
   defining Unicode char U+0117 (decimal 279)
   defining Unicode char U+0118 (decimal 280)
   defining Unicode char U+0119 (decimal 281)
   defining Unicode char U+011A (decimal 282)
   defining Unicode char U+011B (decimal 283)
   defining Unicode char U+011C (decimal 284)
   defining Unicode char U+011D (decimal 285)
   defining Unicode char U+011E (decimal 286)
   defining Unicode char U+011F (decimal 287)
   defining Unicode char U+0120 (decimal 288)
   defining Unicode char U+0121 (decimal 289)
   defining Unicode char U+0122 (decimal 290)
   defining Unicode char U+0123 (decimal 291)
   defining Unicode char U+0124 (decimal 292)
   defining Unicode char U+0125 (decimal 293)
   defining Unicode char U+0128 (decimal 296)
   defining Unicode char U+0129 (decimal 297)
   defining Unicode char U+012A (decimal 298)
   defining Unicode char U+012B (decimal 299)
   defining Unicode char U+012C (decimal 300)
   defining Unicode char U+012D (decimal 301)
   defining Unicode char U+012E (decimal 302)
   defining Unicode char U+012F (decimal 303)
   defining Unicode char U+0130 (decimal 304)
   defining Unicode char U+0131 (decimal 305)
   defining Unicode char U+0132 (decimal 306)
   defining Unicode char U+0133 (decimal 307)
   defining Unicode char U+0134 (decimal 308)
   defining Unicode char U+0135 (decimal 309)
   defining Unicode char U+0136 (decimal 310)
   defining Unicode char U+0137 (decimal 311)
   defining Unicode char U+0139 (decimal 313)
   defining Unicode char U+013A (decimal 314)
   defining Unicode char U+013B (decimal 315)
   defining Unicode char U+013C (decimal 316)
   defining Unicode char U+013D (decimal 317)
   defining Unicode char U+013E (decimal 318)
   defining Unicode char U+0141 (decimal 321)
   defining Unicode char U+0142 (decimal 322)
   defining Unicode char U+0143 (decimal 323)
   defining Unicode char U+0144 (decimal 324)
   defining Unicode char U+0145 (decimal 325)
   defining Unicode char U+0146 (decimal 326)
   defining Unicode char U+0147 (decimal 327)
   defining Unicode char U+0148 (decimal 328)
   defining Unicode char U+014A (decimal 330)
   defining Unicode char U+014B (decimal 331)
   defining Unicode char U+014C (decimal 332)
   defining Unicode char U+014D (decimal 333)
   defining Unicode char U+014E (decimal 334)
   defining Unicode char U+014F (decimal 335)
   defining Unicode char U+0150 (decimal 336)
   defining Unicode char U+0151 (decimal 337)
   defining Unicode char U+0152 (decimal 338)
   defining Unicode char U+0153 (decimal 339)
   defining Unicode char U+0154 (decimal 340)
   defining Unicode char U+0155 (decimal 341)
   defining Unicode char U+0156 (decimal 342)
   defining Unicode char U+0157 (decimal 343)
   defining Unicode char U+0158 (decimal 344)
   defining Unicode char U+0159 (decimal 345)
   defining Unicode char U+015A (decimal 346)
   defining Unicode char U+015B (decimal 347)
   defining Unicode char U+015C (decimal 348)
   defining Unicode char U+015D (decimal 349)
   defining Unicode char U+015E (decimal 350)
   defining Unicode char U+015F (decimal 351)
   defining Unicode char U+0160 (decimal 352)
   defining Unicode char U+0161 (decimal 353)
   defining Unicode char U+0162 (decimal 354)
   defining Unicode char U+0163 (decimal 355)
   defining Unicode char U+0164 (decimal 356)
   defining Unicode char U+0165 (decimal 357)
   defining Unicode char U+0168 (decimal 360)
   defining Unicode char U+0169 (decimal 361)
   defining Unicode char U+016A (decimal 362)
   defining Unicode char U+016B (decimal 363)
   defining Unicode char U+016C (decimal 364)
   defining Unicode char U+016D (decimal 365)
   defining Unicode char U+016E (decimal 366)
   defining Unicode char U+016F (decimal 367)
   defining Unicode char U+0170 (decimal 368)
   defining Unicode char U+0171 (decimal 369)
   defining Unicode char U+0172 (decimal 370)
   defining Unicode char U+0173 (decimal 371)
   defining Unicode char U+0174 (decimal 372)
   defining Unicode char U+0175 (decimal 373)
   defining Unicode char U+0176 (decimal 374)
   defining Unicode char U+0177 (decimal 375)
   defining Unicode char U+0178 (decimal 376)
   defining Unicode char U+0179 (decimal 377)
   defining Unicode char U+017A (decimal 378)
   defining Unicode char U+017B (decimal 379)
   defining Unicode char U+017C (decimal 380)
   defining Unicode char U+017D (decimal 381)
   defining Unicode char U+017E (decimal 382)
   defining Unicode char U+01CD (decimal 461)
   defining Unicode char U+01CE (decimal 462)
   defining Unicode char U+01CF (decimal 463)
   defining Unicode char U+01D0 (decimal 464)
   defining Unicode char U+01D1 (decimal 465)
   defining Unicode char U+01D2 (decimal 466)
   defining Unicode char U+01D3 (decimal 467)
   defining Unicode char U+01D4 (decimal 468)
   defining Unicode char U+01E2 (decimal 482)
   defining Unicode char U+01E3 (decimal 483)
   defining Unicode char U+01E6 (decimal 486)
   defining Unicode char U+01E7 (decimal 487)
   defining Unicode char U+01E8 (decimal 488)
   defining Unicode char U+01E9 (decimal 489)
   defining Unicode char U+01EA (decimal 490)
   defining Unicode char U+01EB (decimal 491)
   defining Unicode char U+01F0 (decimal 496)
   defining Unicode char U+01F4 (decimal 500)
   defining Unicode char U+01F5 (decimal 501)
   defining Unicode char U+0218 (decimal 536)
   defining Unicode char U+0219 (decimal 537)
   defining Unicode char U+021A (decimal 538)
   defining Unicode char U+021B (decimal 539)
   defining Unicode char U+0232 (decimal 562)
   defining Unicode char U+0233 (decimal 563)
   defining Unicode char U+1E02 (decimal 7682)
   defining Unicode char U+1E03 (decimal 7683)
   defining Unicode char U+200C (decimal 8204)
   defining Unicode char U+2010 (decimal 8208)
   defining Unicode char U+2011 (decimal 8209)
   defining Unicode char U+2012 (decimal 8210)
   defining Unicode char U+2013 (decimal 8211)
   defining Unicode char U+2014 (decimal 8212)
   defining Unicode char U+2015 (decimal 8213)
   defining Unicode char U+2018 (decimal 8216)
   defining Unicode char U+2019 (decimal 8217)
   defining Unicode char U+201A (decimal 8218)
   defining Unicode char U+201C (decimal 8220)
   defining Unicode char U+201D (decimal 8221)
   defining Unicode char U+201E (decimal 8222)
   defining Unicode char U+2030 (decimal 8240)
   defining Unicode char U+2031 (decimal 8241)
   defining Unicode char U+2039 (decimal 8249)
   defining Unicode char U+203A (decimal 8250)
   defining Unicode char U+2423 (decimal 9251)
   defining Unicode char U+1E20 (decimal 7712)
   defining Unicode char U+1E21 (decimal 7713)
)
Now handling font encoding OT1 ...
... processing UTF-8 mapping file for font encoding OT1

(d:/tex/texmf-dist/tex/latex/base/ot1enc.dfu
File: ot1enc.dfu 2017/01/28 v1.1t UTF-8 support for inputenc
   defining Unicode char U+00A0 (decimal 160)
   defining Unicode char U+00A1 (decimal 161)
   defining Unicode char U+00A3 (decimal 163)
   defining Unicode char U+00AD (decimal 173)
   defining Unicode char U+00B8 (decimal 184)
   defining Unicode char U+00BF (decimal 191)
   defining Unicode char U+00C5 (decimal 197)
   defining Unicode char U+00C6 (decimal 198)
   defining Unicode char U+00D8 (decimal 216)
   defining Unicode char U+00DF (decimal 223)
   defining Unicode char U+00E6 (decimal 230)
   defining Unicode char U+00EC (decimal 236)
   defining Unicode char U+00ED (decimal 237)
   defining Unicode char U+00EE (decimal 238)
   defining Unicode char U+00EF (decimal 239)
   defining Unicode char U+00F8 (decimal 248)
   defining Unicode char U+0131 (decimal 305)
   defining Unicode char U+0141 (decimal 321)
   defining Unicode char U+0142 (decimal 322)
   defining Unicode char U+0152 (decimal 338)
   defining Unicode char U+0153 (decimal 339)
   defining Unicode char U+0174 (decimal 372)
   defining Unicode char U+0175 (decimal 373)
   defining Unicode char U+0176 (decimal 374)
   defining Unicode char U+0177 (decimal 375)
   defining Unicode char U+0218 (decimal 536)
   defining Unicode char U+0219 (decimal 537)
   defining Unicode char U+021A (decimal 538)
   defining Unicode char U+021B (decimal 539)
   defining Unicode char U+2013 (decimal 8211)
   defining Unicode char U+2014 (decimal 8212)
   defining Unicode char U+2018 (decimal 8216)
   defining Unicode char U+2019 (decimal 8217)
   defining Unicode char U+201C (decimal 8220)
   defining Unicode char U+201D (decimal 8221)
)
Now handling font encoding OMS ...
... processing UTF-8 mapping file for font encoding OMS

(d:/tex/texmf-dist/tex/latex/base/omsenc.dfu
File: omsenc.dfu 2017/01/28 v1.1t UTF-8 support for inputenc
   defining Unicode char U+00A7 (decimal 167)
   defining Unicode char U+00B6 (decimal 182)
   defining Unicode char U+00B7 (decimal 183)
   defining Unicode char U+2020 (decimal 8224)
   defining Unicode char U+2021 (decimal 8225)
   defining Unicode char U+2022 (decimal 8226)
)
Now handling font encoding OMX ...
... no UTF-8 mapping file for font encoding OMX
Now handling font encoding U ...
... no UTF-8 mapping file for font encoding U
Now handling font encoding TS1 ...
... processing UTF-8 mapping file for font encoding TS1

(d:/tex/texmf-dist/tex/latex/base/ts1enc.dfu
File: ts1enc.dfu 2017/01/28 v1.1t UTF-8 support for inputenc
   defining Unicode char U+00A2 (decimal 162)
   defining Unicode char U+00A3 (decimal 163)
   defining Unicode char U+00A4 (decimal 164)
   defining Unicode char U+00A5 (decimal 165)
   defining Unicode char U+00A6 (decimal 166)
   defining Unicode char U+00A7 (decimal 167)
   defining Unicode char U+00A8 (decimal 168)
   defining Unicode char U+00A9 (decimal 169)
   defining Unicode char U+00AA (decimal 170)
   defining Unicode char U+00AC (decimal 172)
   defining Unicode char U+00AE (decimal 174)
   defining Unicode char U+00AF (decimal 175)
   defining Unicode char U+00B0 (decimal 176)
   defining Unicode char U+00B1 (decimal 177)
   defining Unicode char U+00B2 (decimal 178)
   defining Unicode char U+00B3 (decimal 179)
   defining Unicode char U+00B4 (decimal 180)
   defining Unicode char U+00B5 (decimal 181)
   defining Unicode char U+00B6 (decimal 182)
   defining Unicode char U+00B7 (decimal 183)
   defining Unicode char U+00B9 (decimal 185)
   defining Unicode char U+00BA (decimal 186)
   defining Unicode char U+00BC (decimal 188)
   defining Unicode char U+00BD (decimal 189)
   defining Unicode char U+00BE (decimal 190)
   defining Unicode char U+00D7 (decimal 215)
   defining Unicode char U+00F7 (decimal 247)
   defining Unicode char U+0192 (decimal 402)
   defining Unicode char U+02C7 (decimal 711)
   defining Unicode char U+02D8 (decimal 728)
   defining Unicode char U+02DD (decimal 733)
   defining Unicode char U+0E3F (decimal 3647)
   defining Unicode char U+2016 (decimal 8214)
   defining Unicode char U+2020 (decimal 8224)
   defining Unicode char U+2021 (decimal 8225)
   defining Unicode char U+2022 (decimal 8226)
   defining Unicode char U+2030 (decimal 8240)
   defining Unicode char U+2031 (decimal 8241)
   defining Unicode char U+203B (decimal 8251)
   defining Unicode char U+203D (decimal 8253)
   defining Unicode char U+2044 (decimal 8260)
   defining Unicode char U+204E (decimal 8270)
   defining Unicode char U+2052 (decimal 8274)
   defining Unicode char U+20A1 (decimal 8353)
   defining Unicode char U+20A4 (decimal 8356)
   defining Unicode char U+20A6 (decimal 8358)
   defining Unicode char U+20A9 (decimal 8361)
   defining Unicode char U+20AB (decimal 8363)
   defining Unicode char U+20AC (decimal 8364)
   defining Unicode char U+20B1 (decimal 8369)
   defining Unicode char U+2103 (decimal 8451)
   defining Unicode char U+2116 (decimal 8470)
   defining Unicode char U+2117 (decimal 8471)
   defining Unicode char U+211E (decimal 8478)
   defining Unicode char U+2120 (decimal 8480)
   defining Unicode char U+2122 (decimal 8482)
   defining Unicode char U+2126 (decimal 8486)
   defining Unicode char U+2127 (decimal 8487)
   defining Unicode char U+212E (decimal 8494)
   defining Unicode char U+2190 (decimal 8592)
   defining Unicode char U+2191 (decimal 8593)
   defining Unicode char U+2192 (decimal 8594)
   defining Unicode char U+2193 (decimal 8595)
   defining Unicode char U+2329 (decimal 9001)
   defining Unicode char U+232A (decimal 9002)
   defining Unicode char U+2422 (decimal 9250)
   defining Unicode char U+25E6 (decimal 9702)
   defining Unicode char U+25EF (decimal 9711)
   defining Unicode char U+266A (decimal 9834)
)
   defining Unicode char U+00A9 (decimal 169)
   defining Unicode char U+00AA (decimal 170)
   defining Unicode char U+00AE (decimal 174)
   defining Unicode char U+00BA (decimal 186)
   defining Unicode char U+02C6 (decimal 710)
   defining Unicode char U+02DC (decimal 732)
   defining Unicode char U+200C (decimal 8204)
   defining Unicode char U+2026 (decimal 8230)
   defining Unicode char U+2122 (decimal 8482)
   defining Unicode char U+2423 (decimal 9251)
))
(d:/tex/texmf-dist/tex/latex/cjk/texinput/CJK.sty
Package: CJK 2015/04/18 4.8.4

(d:/tex/texmf-dist/tex/latex/cjk/texinput/mule/MULEenc.sty
Package: MULEenc 2015/04/18 4.8.4
)
(d:/tex/texmf-dist/tex/latex/cjk/texinput/CJK.enc
File: CJK.enc 2015/04/18 4.8.4
Now handling font encoding C00 ...
... no UTF-8 mapping file for font encoding C00
Now handling font encoding C05 ...
... no UTF-8 mapping file for font encoding C05
Now handling font encoding C09 ...
... no UTF-8 mapping file for font encoding C09
Now handling font encoding C10 ...
... no UTF-8 mapping file for font encoding C10
Now handling font encoding C20 ...
... no UTF-8 mapping file for font encoding C20
Now handling font encoding C19 ...
... no UTF-8 mapping file for font encoding C19
Now handling font encoding C40 ...
... no UTF-8 mapping file for font encoding C40
Now handling font encoding C42 ...
... no UTF-8 mapping file for font encoding C42
Now handling font encoding C43 ...
... no UTF-8 mapping file for font encoding C43
Now handling font encoding C50 ...
... no UTF-8 mapping file for font encoding C50
Now handling font encoding C52 ...
... no UTF-8 mapping file for font encoding C52
Now handling font encoding C49 ...
... no UTF-8 mapping file for font encoding C49
Now handling font encoding C60 ...
... no UTF-8 mapping file for font encoding C60
Now handling font encoding C61 ...
... no UTF-8 mapping file for font encoding C61
Now handling font encoding C63 ...
... no UTF-8 mapping file for font encoding C63
Now handling font encoding C64 ...
... no UTF-8 mapping file for font encoding C64
Now handling font encoding C65 ...
... no UTF-8 mapping file for font encoding C65
Now handling font encoding C70 ...
... no UTF-8 mapping file for font encoding C70
Now handling font encoding C31 ...
... no UTF-8 mapping file for font encoding C31
Now handling font encoding C32 ...
... no UTF-8 mapping file for font encoding C32
Now handling font encoding C33 ...
... no UTF-8 mapping file for font encoding C33
Now handling font encoding C34 ...
... no UTF-8 mapping file for font encoding C34
Now handling font encoding C35 ...
... no UTF-8 mapping file for font encoding C35
Now handling font encoding C36 ...
... no UTF-8 mapping file for font encoding C36
Now handling font encoding C37 ...
... no UTF-8 mapping file for font encoding C37
Now handling font encoding C80 ...
... no UTF-8 mapping file for font encoding C80
Now handling font encoding C81 ...
... no UTF-8 mapping file for font encoding C81
Now handling font encoding C01 ...
... no UTF-8 mapping file for font encoding C01
Now handling font encoding C11 ...
... no UTF-8 mapping file for font encoding C11
Now handling font encoding C21 ...
... no UTF-8 mapping file for font encoding C21
Now handling font encoding C41 ...
... no UTF-8 mapping file for font encoding C41
Now handling font encoding C62 ...
... no UTF-8 mapping file for font encoding C62
)
LaTeX Info: Redefining \selectfont on input line 755.
\CJK@indent=\box43
)
(d:/tex/texmf-dist/tex/latex/base/fontenc.sty
Package: fontenc 2017/02/22 v2.0g Standard LaTeX package
))
(d:/tex/texmf-dist/tex/latex/cjkpunct/CJKpunct.sty
Package: CJKpunct 2016/05/14 4.8.4
\CJKpunct@cnta=\count129
\CJKpunct@cntb=\count130
\CJKpunct@cntc=\count131
\CJKpunct@cntd=\count132
\CJKpunct@cnte=\count133
   defining Unicode char U+2018 (decimal 8216)
   defining Unicode char U+2019 (decimal 8217)
   defining Unicode char U+201C (decimal 8220)
   defining Unicode char U+201D (decimal 8221)
   defining Unicode char U+2014 (decimal 8212)
   defining Unicode char U+2026 (decimal 8230)

(d:/tex/texmf-dist/tex/latex/cjkpunct/CJKpunct.spa))
(d:/tex/texmf-dist/tex/latex/cjk/texinput/CJKspace.sty
Package: CJKspace 2015/04/18 3.8.0
)
(d:/tex/texmf-dist/tex/latex/ctex/ctexspa.def
File: ctexspa.def 2017/02/23 v2.4.8 Space info for CJKpunct (CTEX)
)
(d:/tex/texmf-dist/tex/latex/cjk/texinput/CJKfntef.sty
Package: CJKfntef 2015/04/18 4.8.4

(d:/tex/texmf-dist/tex/latex/cjk/texinput/CJKulem.sty
Package: CJKulem 2015/04/18 4.8.4

(d:/tex/texmf-dist/tex/generic/ulem/ulem.sty
\UL@box=\box44
\UL@hyphenbox=\box45
\UL@skip=\skip49
\UL@hook=\toks16
\UL@height=\dimen135
\UL@pe=\count134
\UL@pixel=\dimen136
\ULC@box=\box46
Package: ulem 2012/05/18
\ULdepth=\dimen137
)
\UL@lastkern=\dimen138
\CJK@skip=\skip50
)
\CJK@fntefSkip=\skip51
\CJK@nest=\count135
\CJK@fntefDimen=\dimen139
\CJK@underdotBox=\box47
\CJK@ULbox=\box48
\CJK@underanyskip=\dimen140
)
\ccwd=\dimen141
\l__ctex_ccglue_skip=\skip52
)
.................................................
. LaTeX info: "xparse/define-command"
. 
. Defining command \ctexset with sig. '' on line 387.
.................................................
.................................................
. LaTeX info: "xparse/define-command"
. 
. Defining command \CTEXsetup with sig. '+o>{\TrimSpaces }m' on line 393.
.................................................
.................................................
. LaTeX info: "xparse/define-command"
. 
. Defining command \CTEXoptions with sig. '+o' on line 399.
.................................................
.................................................
. LaTeX info: "xparse/define-command"
. 
. Defining command \CTEXsetfont with sig. '' on line 417.
.................................................
.................................................
. LaTeX info: "xparse/define-command"
. 
. Defining command \ziju with sig. 'm' on line 489.
.................................................
\l__ctex_ziju_dim=\dimen142
.................................................
. LaTeX info: "xparse/define-command"
. 
. Defining command \CTEXindent with sig. '' on line 530.
.................................................
.................................................
. LaTeX info: "xparse/define-command"
. 
. Defining command \CTEXnoindent with sig. '' on line 536.
.................................................

(d:/tex/texmf-dist/tex/latex/zhnumber/zhnumber.sty
Package: zhnumber 2016/05/14 v2.4 Typesetting numbers with Chinese glyphs
.................................................
. LaTeX info: "xparse/define-command"
. 
. Defining command \zhnumber with sig. '+o+m' on line 50.
.................................................
.................................................
. LaTeX info: "xparse/define-command"
. 
. Defining command \zhnumberwithoptions with sig. '+m+m' on line 57.
.................................................
.................................................
. LaTeX info: "xparse/define-command"
. 
. Defining command \zhnum with sig. '+o+m' on line 111.
.................................................
.................................................
. LaTeX info: "xparse/define-command"
. 
. Defining command \zhnumwithoptions with sig. '+m+m' on line 118.
.................................................
.................................................
. LaTeX info: "xparse/define-command"
. 
. Defining command \zhdig with sig. '+o+m' on line 297.
.................................................
.................................................
. LaTeX info: "xparse/define-command"
. 
. Defining command \zhdigwithoptions with sig. '+m+m' on line 304.
.................................................
.................................................
. LaTeX info: "xparse/define-command"
. 
. Defining command \zhdigits with sig. '+s+o+m' on line 318.
.................................................
.................................................
. LaTeX info: "xparse/define-command"
. 
. Defining command \zhdigitswithoptions with sig. '+m+m+m' on line 325.
.................................................
.................................................
. LaTeX info: "xparse/define-command"
. 
. Defining command \zhdate with sig. '+s+m' on line 384.
.................................................
\l__zhnum_scale_int=\count136
.................................................
. LaTeX info: "xparse/define-command"
. 
. Defining command \zhnumExtendScaleMap with sig. '>{\TrimSpaces }+o+m' on
. line 506.
.................................................
\l__zhnum_byte_min_int=\count137
\l__zhnum_byte_max_int=\count138
.................................................
. LaTeX info: "xparse/define-command"
. 
. Defining command \zhnumsetup with sig. '+m' on line 938.
.................................................

(d:/tex/texmf-dist/tex/latex/zhnumber/zhnumber-utf8.cfg
File: zhnumber-utf8.cfg 2016/05/14 v2.4 Chinese numerals with UTF8 encoding
))
.................................................
. LaTeX info: "xparse/define-command"
. 
. Defining command \CTEXnumber with sig. 'mm' on line 553.
.................................................
.................................................
. LaTeX info: "xparse/define-command"
. 
. Defining command \CTEXdigits with sig. 'mm' on line 555.
.................................................
.................................................
. LaTeX info: "xparse/define-command"
. 
. Defining command \ctex_assign_heading_name:nn with sig. 'm>{\SplitArgument
. {\c_one }{,}}+m' on line 686.
.................................................
\l__ctex_heading_skip=\skip53
.................................................
. LaTeX info: "xparse/define-command"
. 
. Defining command \partmark with sig. 'm' on line 717.
.................................................
.................................................
. LaTeX info: "xparse/redefine-command"
. 
. Redefining command \refstepcounter with sig. 'm' on line 1208.
.................................................

(d:/tex/texmf-dist/tex/latex/ctex/scheme/ctex-scheme-chinese-article.def
File: ctex-scheme-chinese-article.def 2017/02/23 v2.4.8 Chinese scheme for arti
cle (CTEX)

(d:/tex/texmf-dist/tex/latex/ctex/config/ctex-name-utf8.cfg
File: ctex-name-utf8.cfg 2017/02/23 v2.4.8 Caption with encoding UTF8 (CTEX)
))
.................................................
. LaTeX info: "xparse/define-command"
. 
. Defining command \zihao with sig. 'm' on line 1211.
.................................................

(d:/tex/texmf-dist/tex/latex/ctex/ctex-c5size.clo
File: ctex-c5size.clo 2017/02/23 v2.4.8 c5size option (CTEX)
)
.................................................
. LaTeX info: "xparse/define-command"
. 
. Defining command \CTeX with sig. '' on line 1315.
.................................................

(d:/tex/texmf-dist/tex/latex/ctex/fontset/ctex-fontset-windows.def
File: ctex-fontset-windows.def 2017/02/23 v2.4.8 Windows fonts definition (CTEX
)

(d:/tex/texmf-dist/tex/latex/ctex/fontset/ctex-fontset-windowsnew.def
File: ctex-fontset-windowsnew.def 2017/02/23 v2.4.8 Windows fonts definition fo
r Vista or later version (CTEX)

(d:/tex/texmf-dist/tex/generic/ctex/zhwindowsfonts.tex
File: zhwindowsfonts.tex 2017/02/23 v2.4.8 Windows font map loader for pdfTeX a
nd DVIPDFMx (CTEX)
{d:/tex/texmf-var/fonts/map/pdftex/updmap/pdftex.map}{UGBK.sfd}{Unicode.sfd})
.................................................
. LaTeX info: "xparse/define-command"
. 
. Defining command \songti with sig. '' on line 110.
.................................................
.................................................
. LaTeX info: "xparse/define-command"
. 
. Defining command \heiti with sig. '' on line 111.
.................................................
.................................................
. LaTeX info: "xparse/define-command"
. 
. Defining command \fangsong with sig. '' on line 112.
.................................................
.................................................
. LaTeX info: "xparse/define-command"
. 
. Defining command \kaishu with sig. '' on line 113.
.................................................
.................................................
. LaTeX info: "xparse/define-command"
. 
. Defining command \lishu with sig. '' on line 114.
.................................................
.................................................
. LaTeX info: "xparse/define-command"
. 
. Defining command \youyuan with sig. '' on line 115.
.................................................
.................................................
. LaTeX info: "xparse/define-command"
. 
. Defining command \yahei with sig. '' on line 116.
.................................................
)))
(d:/tex/texmf-dist/tex/latex/ctex/config/ctex.cfg
File: ctex.cfg 2017/02/23 v2.4.8 Configuration file (CTEX)
)
(d:/tex/texmf-dist/tex/latex/graphics/graphicx.sty
Package: graphicx 2014/10/28 v1.0g Enhanced LaTeX Graphics (DPC,SPQR)

(d:/tex/texmf-dist/tex/latex/graphics/keyval.sty
Package: keyval 2014/10/28 v1.15 key=value parser (DPC)
\KV@toks@=\toks17
)
(d:/tex/texmf-dist/tex/latex/graphics/graphics.sty
Package: graphics 2016/10/09 v1.0u Standard LaTeX Graphics (DPC,SPQR)

(d:/tex/texmf-dist/tex/latex/graphics/trig.sty
Package: trig 2016/01/03 v1.10 sin cos tan (DPC)
)
(d:/tex/texmf-dist/tex/latex/graphics-cfg/graphics.cfg
File: graphics.cfg 2016/06/04 v1.11 sample graphics configuration
)
Package graphics Info: Driver file: pdftex.def on input line 99.

(d:/tex/texmf-dist/tex/latex/graphics-def/pdftex.def
File: pdftex.def 2017/01/12 v0.06k Graphics/color for pdfTeX

(d:/tex/texmf-dist/tex/generic/oberdiek/infwarerr.sty
Package: infwarerr 2016/05/16 v1.4 Providing info/warning/error messages (HO)
)
(d:/tex/texmf-dist/tex/generic/oberdiek/ltxcmds.sty
Package: ltxcmds 2016/05/16 v1.23 LaTeX kernel commands for general use (HO)
)
\Gread@gobject=\count139
))
\Gin@req@height=\dimen143
\Gin@req@width=\dimen144
)
(d:/tex/texmf-dist/tex/latex/amsmath/amsmath.sty
Package: amsmath 2016/11/05 v2.16a AMS math features
\@mathmargin=\skip54

For additional information on amsmath, use the `?' option.
(d:/tex/texmf-dist/tex/latex/amsmath/amstext.sty
Package: amstext 2000/06/29 v2.01 AMS text

(d:/tex/texmf-dist/tex/latex/amsmath/amsgen.sty
File: amsgen.sty 1999/11/30 v2.0 generic functions
\@emptytoks=\toks18
\ex@=\dimen145
))
(d:/tex/texmf-dist/tex/latex/amsmath/amsbsy.sty
Package: amsbsy 1999/11/29 v1.2d Bold Symbols
\pmbraise@=\dimen146
)
(d:/tex/texmf-dist/tex/latex/amsmath/amsopn.sty
Package: amsopn 2016/03/08 v2.02 operator names
)
\inf@bad=\count140
LaTeX Info: Redefining \frac on input line 213.
\uproot@=\count141
\leftroot@=\count142
LaTeX Info: Redefining \overline on input line 375.
\classnum@=\count143
\DOTSCASE@=\count144
LaTeX Info: Redefining \ldots on input line 472.
LaTeX Info: Redefining \dots on input line 475.
LaTeX Info: Redefining \cdots on input line 596.
\Mathstrutbox@=\box49
\strutbox@=\box50
\big@size=\dimen147
LaTeX Font Info:    Redeclaring font encoding OML on input line 712.
LaTeX Font Info:    Redeclaring font encoding OMS on input line 713.
\macc@depth=\count145
\c@MaxMatrixCols=\count146
\dotsspace@=\muskip16
\c@parentequation=\count147
\dspbrk@lvl=\count148
\tag@help=\toks19
\row@=\count149
\column@=\count150
\maxfields@=\count151
\andhelp@=\toks20
\eqnshift@=\dimen148
\alignsep@=\dimen149
\tagshift@=\dimen150
\tagwidth@=\dimen151
\totwidth@=\dimen152
\lineht@=\dimen153
\@envbody=\toks21
\multlinegap=\skip55
\multlinetaggap=\skip56
\mathdisplay@stack=\toks22
LaTeX Info: Redefining \[ on input line 2817.
LaTeX Info: Redefining \] on input line 2818.
)
(d:/tex/texmf-dist/tex/latex/diagbox/diagbox.sty
Package: diagbox 2016/12/28 v2.2 Making table heads with diagonal lines

(d:/tex/texmf-dist/tex/latex/pict2e/pict2e.sty
Package: pict2e 2016/02/05 v0.3b Improved picture commands (HjG,RN,JT)

(d:/tex/texmf-dist/tex/latex/pict2e/pict2e.cfg
File: pict2e.cfg 2016/02/05 v0.1u pict2e configuration for teTeX/TeXLive
)
Package pict2e Info: Driver file: pdftex.def on input line 119.
Package pict2e Info: Driver file for pict2e: p2e-pdftex.def on input line 121.

(d:/tex/texmf-dist/tex/latex/pict2e/p2e-pdftex.def
File: p2e-pdftex.def 2016/02/05 v0.1u Driver-dependant file (RN,HjG,JT)
)
\pIIe@GRAPH=\toks23
\@arclen=\dimen154
\@arcrad=\dimen155
\@tempdimd=\dimen156
)
(d:/tex/texmf-dist/tex/latex/fp/fp.sty
Package: fp 1995/04/02

`Fixed Point Package', Version 0.8, April 2, 1995 (C) Michael Mehlich
(d:/tex/texmf-dist/tex/latex/fp/defpattern.sty
Package: defpattern 1994/10/12
\actioncount=\count152
)
(d:/tex/texmf-dist/tex/latex/fp/fp-basic.sty
Package: fp-basic 1996/05/13
\FP@xs=\count153
\FP@xia=\count154
\FP@xib=\count155
\FP@xfa=\count156
\FP@xfb=\count157
\FP@rega=\count158
\FP@regb=\count159
\FP@regs=\count160
\FP@times=\count161
)
(d:/tex/texmf-dist/tex/latex/fp/fp-addons.sty
Package: fp-addons 1995/03/15
)
(d:/tex/texmf-dist/tex/latex/fp/fp-snap.sty
Package: fp-snap 1995/04/05
)
(d:/tex/texmf-dist/tex/latex/fp/fp-exp.sty
Package: fp-exp 1995/04/03
)
(d:/tex/texmf-dist/tex/latex/fp/fp-trigo.sty
Package: fp-trigo 1995/04/14
)
(d:/tex/texmf-dist/tex/latex/fp/fp-pas.sty
Package: fp-pas 1994/08/29
)
(d:/tex/texmf-dist/tex/latex/fp/fp-random.sty
Package: fp-random 1995/02/23
\FPseed=\count162
)
(d:/tex/texmf-dist/tex/latex/fp/fp-eqn.sty
Package: fp-eqn 1995/04/03
)
(d:/tex/texmf-dist/tex/latex/fp/fp-upn.sty
Package: fp-upn 1996/10/21
)
(d:/tex/texmf-dist/tex/latex/fp/fp-eval.sty
Package: fp-eval 1995/04/03
))
(d:/tex/texmf-dist/tex/latex/tools/calc.sty
Package: calc 2014/10/28 v4.3 Infix arithmetic (KKT,FJ)
\calc@Acount=\count163
\calc@Bcount=\count164
\calc@Adimen=\dimen157
\calc@Bdimen=\dimen158
\calc@Askip=\skip57
\calc@Bskip=\skip58
LaTeX Info: Redefining \setlength on input line 80.
LaTeX Info: Redefining \addtolength on input line 81.
\calc@Ccount=\count165
\calc@Cskip=\skip59
)
(d:/tex/texmf-dist/tex/latex/tools/array.sty
Package: array 2016/10/06 v2.4d Tabular extension package (FMi)
\col@sep=\dimen159
\extrarowheight=\dimen160
\NC@list=\toks24
\extratabsurround=\skip60
\backup@length=\skip61
)
\diagbox@boxa=\box51
\diagbox@boxb=\box52
\diagbox@boxm=\box53
\diagbox@wd=\dimen161
\diagbox@ht=\dimen162
\diagbox@insepl=\dimen163
\diagbox@insepr=\dimen164
\diagbox@outsepl=\dimen165
\diagbox@outsepr=\dimen166
)
(d:/tex/texmf-dist/tex/latex/hyperref/hyperref.sty
Package: hyperref 2017/03/14 v6.85a Hypertext links for LaTeX

(d:/tex/texmf-dist/tex/generic/oberdiek/hobsub-hyperref.sty
Package: hobsub-hyperref 2016/05/16 v1.14 Bundle oberdiek, subset hyperref (HO)


(d:/tex/texmf-dist/tex/generic/oberdiek/hobsub-generic.sty
Package: hobsub-generic 2016/05/16 v1.14 Bundle oberdiek, subset generic (HO)
Package: hobsub 2016/05/16 v1.14 Construct package bundles (HO)
Package hobsub Info: Skipping package `infwarerr' (already loaded).
Package hobsub Info: Skipping package `ltxcmds' (already loaded).
Package: ifluatex 2016/05/16 v1.4 Provides the ifluatex switch (HO)
Package ifluatex Info: LuaTeX not detected.
Package: ifvtex 2016/05/16 v1.6 Detect VTeX and its facilities (HO)
Package ifvtex Info: VTeX not detected.
Package: intcalc 2016/05/16 v1.2 Expandable calculations with integers (HO)
Package hobsub Info: Skipping package `ifpdf' (already loaded).
Package: etexcmds 2016/05/16 v1.6 Avoid name clashes with e-TeX commands (HO)
Package etexcmds Info: Could not find \expanded.
(etexcmds)             That can mean that you are not using pdfTeX 1.50 or
(etexcmds)             that some package has redefined \expanded.
(etexcmds)             In the latter case, load this package earlier.
Package: kvsetkeys 2016/05/16 v1.17 Key value parser (HO)
Package: kvdefinekeys 2016/05/16 v1.4 Define keys (HO)
Package: pdftexcmds 2017/03/19 v0.25 Utility functions of pdfTeX for LuaTeX (HO
)
Package pdftexcmds Info: LuaTeX not detected.
Package pdftexcmds Info: \pdf@primitive is available.
Package pdftexcmds Info: \pdf@ifprimitive is available.
Package pdftexcmds Info: \pdfdraftmode found.
Package: pdfescape 2016/05/16 v1.14 Implements pdfTeX's escape features (HO)
Package: bigintcalc 2016/05/16 v1.4 Expandable calculations on big integers (HO
)
Package: bitset 2016/05/16 v1.2 Handle bit-vector datatype (HO)
Package: uniquecounter 2016/05/16 v1.3 Provide unlimited unique counter (HO)
)
Package hobsub Info: Skipping package `hobsub' (already loaded).
Package: letltxmacro 2016/05/16 v1.5 Let assignment for LaTeX macros (HO)
Package: hopatch 2016/05/16 v1.3 Wrapper for package hooks (HO)
Package: xcolor-patch 2016/05/16 xcolor patch
Package: atveryend 2016/05/16 v1.9 Hooks at the very end of document (HO)
Package atveryend Info: \enddocument detected (standard20110627).
Package: atbegshi 2016/06/09 v1.18 At begin shipout hook (HO)
Package: refcount 2016/05/16 v3.5 Data extraction from label references (HO)
Package: hycolor 2016/05/16 v1.8 Color options for hyperref/bookmark (HO)
)
(d:/tex/texmf-dist/tex/generic/ifxetex/ifxetex.sty
Package: ifxetex 2010/09/12 v0.6 Provides ifxetex conditional
)
(d:/tex/texmf-dist/tex/latex/oberdiek/auxhook.sty
Package: auxhook 2016/05/16 v1.4 Hooks for auxiliary files (HO)
)
(d:/tex/texmf-dist/tex/latex/oberdiek/kvoptions.sty
Package: kvoptions 2016/05/16 v3.12 Key value format for package options (HO)
)
\@linkdim=\dimen167
\Hy@linkcounter=\count166
\Hy@pagecounter=\count167

(d:/tex/texmf-dist/tex/latex/hyperref/pd1enc.def
File: pd1enc.def 2017/03/14 v6.85a Hyperref: PDFDocEncoding definition (HO)
Now handling font encoding PD1 ...
... no UTF-8 mapping file for font encoding PD1
)
\Hy@SavedSpaceFactor=\count168

(d:/tex/texmf-dist/tex/latex/latexconfig/hyperref.cfg
File: hyperref.cfg 2002/06/06 v1.2 hyperref configuration of TeXLive
)
Package hyperref Info: Option `unicode' set `true' on input line 4374.

(d:/tex/texmf-dist/tex/latex/hyperref/puenc.def
File: puenc.def 2017/03/14 v6.85a Hyperref: PDF Unicode definition (HO)
Now handling font encoding PU ...
... no UTF-8 mapping file for font encoding PU
)
Package hyperref Info: Hyper figures OFF on input line 4498.
Package hyperref Info: Link nesting OFF on input line 4503.
Package hyperref Info: Hyper index ON on input line 4506.
Package hyperref Info: Plain pages OFF on input line 4513.
Package hyperref Info: Backreferencing OFF on input line 4518.
Package hyperref Info: Implicit mode ON; LaTeX internals redefined.
Package hyperref Info: Bookmarks ON on input line 4751.
\c@Hy@tempcnt=\count169

(d:/tex/texmf-dist/tex/latex/url/url.sty
\Urlmuskip=\muskip17
Package: url 2013/09/16  ver 3.4  Verb mode for urls, etc.
)
LaTeX Info: Redefining \url on input line 5104.
\XeTeXLinkMargin=\dimen168
\Fld@menulength=\count170
\Field@Width=\dimen169
\Fld@charsize=\dimen170
Package hyperref Info: Hyper figures OFF on input line 6358.
Package hyperref Info: Link nesting OFF on input line 6363.
Package hyperref Info: Hyper index ON on input line 6366.
Package hyperref Info: backreferencing OFF on input line 6373.
Package hyperref Info: Link coloring OFF on input line 6378.
Package hyperref Info: Link coloring with OCG OFF on input line 6383.
Package hyperref Info: PDF/A mode OFF on input line 6388.
LaTeX Info: Redefining \ref on input line 6428.
LaTeX Info: Redefining \pageref on input line 6432.
\Hy@abspage=\count171
\c@Item=\count172
\c@Hfootnote=\count173
)

Package hyperref Message: Driver (autodetected): hpdftex.

(d:/tex/texmf-dist/tex/latex/hyperref/hpdftex.def
File: hpdftex.def 2017/03/14 v6.85a Hyperref driver for pdfTeX
\Fld@listcount=\count174
\c@bookmark@seq@number=\count175

(d:/tex/texmf-dist/tex/latex/oberdiek/rerunfilecheck.sty
Package: rerunfilecheck 2016/05/16 v1.8 Rerun checks for auxiliary files (HO)
Package uniquecounter Info: New unique counter `rerunfilecheck' on input line 2
82.
)
\Hy@SectionHShift=\skip62
)
(d:/tex/texmf-dist/tex/latex/xcolor/xcolor.sty
Package: xcolor 2016/05/11 v2.12 LaTeX color extensions (UK)

(d:/tex/texmf-dist/tex/latex/graphics-cfg/color.cfg
File: color.cfg 2016/01/02 v1.6 sample color configuration
)
Package xcolor Info: Driver file: pdftex.def on input line 225.
Package xcolor Info: Model `cmy' substituted by `cmy0' on input line 1348.
Package xcolor Info: Model `hsb' substituted by `rgb' on input line 1352.
Package xcolor Info: Model `RGB' extended on input line 1364.
Package xcolor Info: Model `HTML' substituted by `rgb' on input line 1366.
Package xcolor Info: Model `Hsb' substituted by `hsb' on input line 1367.
Package xcolor Info: Model `tHsb' substituted by `hsb' on input line 1368.
Package xcolor Info: Model `HSB' substituted by `hsb' on input line 1369.
Package xcolor Info: Model `Gray' substituted by `gray' on input line 1370.
Package xcolor Info: Model `wave' substituted by `hsb' on input line 1371.
)
(d:/tex/texmf-dist/tex/latex/algorithm2e/algorithm2e.sty
Package: algorithm2e 2013/01/06 v5.00 algorithms environments
\c@AlgoLine=\count176

(d:/tex/texmf-dist/tex/latex/base/ifthen.sty
Package: ifthen 2014/09/29 v1.1c Standard LaTeX ifthen package (DPC)
)
\algocf@hangindent=\skip63

(d:/tex/texmf-dist/tex/latex/tools/xspace.sty
Package: xspace 2014/10/28 v1.13 Space after command names (DPC,MH)
)
(d:/tex/texmf-dist/tex/latex/relsize/relsize.sty
Package: relsize 2013/03/29 ver 4.1
)
********************************************************
Package `algorithm2e' Release 5.1 -- october 19 2015 --
- algorithm2e-announce@lirmm.fr mailing list for announcement about releases
- algorithm2e-discussion@lirmm.fr mailing list for discussion about package
subscribe by emailing sympa@lirmm.fr with 'subscribe <list> <firstname name>'
- Author: Christophe Fiorio (christophe.fiorio@umontpellier.fr)
********************************************************
\skiptotal=\skip64
\skiplinenumber=\skip65
\skiprule=\skip66
\skiphlne=\skip67
\skiptext=\skip68
\skiplength=\skip69
\algomargin=\skip70
\skipalgocfslide=\skip71
\algowidth=\dimen171
\inoutsize=\dimen172
\inoutindent=\dimen173
\interspacetitleruled=\dimen174
\interspacealgoruled=\dimen175
\interspacetitleboxruled=\dimen176
\algocf@ruledwidth=\skip72
\algocf@inoutbox=\box54
\algocf@inputbox=\box55
\AlCapSkip=\skip73
\AlCapHSkip=\skip74
\algoskipindent=\skip75
\algocf@nlbox=\box56
\algocf@hangingbox=\box57
\algocf@untilbox=\box58
\algocf@skipuntil=\skip76
\algocf@capbox=\box59
\algoheightruledefault=\skip77
\algoheightrule=\skip78
\algotitleheightruledefault=\skip79
\algotitleheightrule=\skip80
\c@algocfline=\count177
\c@algocfproc=\count178
\c@algocf=\count179
\algocf@algoframe=\box60
\algocf@algobox=\box61
) (d:/tex/texmf-dist/tex/latex/cite/cite.sty
LaTeX Info: Redefining \cite on input line 302.
LaTeX Info: Redefining \nocite on input line 332.
Package: cite 2015/02/27  v 5.5
)
(d:/tex/texmf-dist/tex/latex/cjk/texinput/utf8/UTF8.bdg
File: UTF8.bdg 2015/04/18 4.8.4
)
(d:/tex/texmf-dist/tex/latex/cjk/texinput/utf8/UTF8.enc
File: UTF8.enc 2015/04/18 4.8.4
)
(d:/tex/texmf-dist/tex/latex/cjk/texinput/utf8/UTF8.chr
File: UTF8.chr 2015/04/18 4.8.4
) (./homework-sto.aux)
\openout1 = `homework-sto.aux'.

LaTeX Font Info:    Checking defaults for OML/cmm/m/it on input line 13.
LaTeX Font Info:    ... okay on input line 13.
LaTeX Font Info:    Checking defaults for T1/cmr/m/n on input line 13.
LaTeX Font Info:    ... okay on input line 13.
LaTeX Font Info:    Checking defaults for OT1/cmr/m/n on input line 13.
LaTeX Font Info:    ... okay on input line 13.
LaTeX Font Info:    Checking defaults for OMS/cmsy/m/n on input line 13.
LaTeX Font Info:    ... okay on input line 13.
LaTeX Font Info:    Checking defaults for OMX/cmex/m/n on input line 13.
LaTeX Font Info:    ... okay on input line 13.
LaTeX Font Info:    Checking defaults for U/cmr/m/n on input line 13.
LaTeX Font Info:    ... okay on input line 13.
LaTeX Font Info:    Checking defaults for TS1/cmr/m/n on input line 13.
LaTeX Font Info:    ... okay on input line 13.
LaTeX Font Info:    Checking defaults for C00/song/m/n on input line 13.
LaTeX Font Info:    ... okay on input line 13.
LaTeX Font Info:    Checking defaults for C05/song/m/n on input line 13.
LaTeX Font Info:    ... okay on input line 13.
LaTeX Font Info:    Checking defaults for C09/song/m/n on input line 13.
LaTeX Font Info:    ... okay on input line 13.
LaTeX Font Info:    Checking defaults for C10/song/m/n on input line 13.
LaTeX Font Info:    ... okay on input line 13.
LaTeX Font Info:    Checking defaults for C20/song/m/n on input line 13.
LaTeX Font Info:    ... okay on input line 13.
LaTeX Font Info:    Checking defaults for C19/song/m/n on input line 13.
LaTeX Font Info:    ... okay on input line 13.
LaTeX Font Info:    Checking defaults for C40/song/m/n on input line 13.
LaTeX Font Info:    ... okay on input line 13.
LaTeX Font Info:    Checking defaults for C42/song/m/n on input line 13.
LaTeX Font Info:    ... okay on input line 13.
LaTeX Font Info:    Checking defaults for C43/song/m/n on input line 13.
LaTeX Font Info:    ... okay on input line 13.
LaTeX Font Info:    Checking defaults for C50/song/m/n on input line 13.
LaTeX Font Info:    ... okay on input line 13.
LaTeX Font Info:    Checking defaults for C52/song/m/n on input line 13.
LaTeX Font Info:    ... okay on input line 13.
LaTeX Font Info:    Checking defaults for C49/song/m/n on input line 13.
LaTeX Font Info:    ... okay on input line 13.
LaTeX Font Info:    Checking defaults for C60/mj/m/n on input line 13.
LaTeX Font Info:    ... okay on input line 13.
LaTeX Font Info:    Checking defaults for C61/mj/m/n on input line 13.
LaTeX Font Info:    ... okay on input line 13.
LaTeX Font Info:    Checking defaults for C63/mj/m/n on input line 13.
LaTeX Font Info:    ... okay on input line 13.
LaTeX Font Info:    Checking defaults for C64/mj/m/n on input line 13.
LaTeX Font Info:    ... okay on input line 13.
LaTeX Font Info:    Checking defaults for C65/mj/m/n on input line 13.
LaTeX Font Info:    ... okay on input line 13.
LaTeX Font Info:    Checking defaults for C70/song/m/n on input line 13.
LaTeX Font Info:    ... okay on input line 13.
LaTeX Font Info:    Checking defaults for C31/song/m/n on input line 13.
LaTeX Font Info:    ... okay on input line 13.
LaTeX Font Info:    Checking defaults for C32/song/m/n on input line 13.
LaTeX Font Info:    ... okay on input line 13.
LaTeX Font Info:    Checking defaults for C33/song/m/n on input line 13.
LaTeX Font Info:    ... okay on input line 13.
LaTeX Font Info:    Checking defaults for C34/song/m/n on input line 13.
LaTeX Font Info:    ... okay on input line 13.
LaTeX Font Info:    Checking defaults for C35/song/m/n on input line 13.
LaTeX Font Info:    ... okay on input line 13.
LaTeX Font Info:    Checking defaults for C36/song/m/n on input line 13.
LaTeX Font Info:    ... okay on input line 13.
LaTeX Font Info:    Checking defaults for C37/song/m/n on input line 13.
LaTeX Font Info:    ... okay on input line 13.
LaTeX Font Info:    Checking defaults for C80/song/m/n on input line 13.
LaTeX Font Info:    ... okay on input line 13.
LaTeX Font Info:    Checking defaults for C81/song/m/n on input line 13.
LaTeX Font Info:    ... okay on input line 13.
LaTeX Font Info:    Checking defaults for C01/song/m/n on input line 13.
LaTeX Font Info:    ... okay on input line 13.
LaTeX Font Info:    Checking defaults for C11/song/m/n on input line 13.
LaTeX Font Info:    ... okay on input line 13.
LaTeX Font Info:    Checking defaults for C21/song/m/n on input line 13.
LaTeX Font Info:    ... okay on input line 13.
LaTeX Font Info:    Checking defaults for C41/song/m/n on input line 13.
LaTeX Font Info:    ... okay on input line 13.
LaTeX Font Info:    Checking defaults for C62/song/m/n on input line 13.
LaTeX Font Info:    ... okay on input line 13.
LaTeX Font Info:    Checking defaults for PD1/pdf/m/n on input line 13.
LaTeX Font Info:    ... okay on input line 13.
LaTeX Font Info:    Checking defaults for PU/pdf/m/n on input line 13.
LaTeX Font Info:    ... okay on input line 13.

ABD: EverySelectfont initializing macros
LaTeX Info: Redefining \selectfont on input line 13.

(d:/tex/texmf-dist/tex/context/base/mkii/supp-pdf.mkii
[Loading MPS to PDF converter (version 2006.09.02).]
\scratchcounter=\count180
\scratchdimen=\dimen177
\scratchbox=\box62
\nofMPsegments=\count181
\nofMParguments=\count182
\everyMPshowfont=\toks25
\MPscratchCnt=\count183
\MPscratchDim=\dimen178
\MPnumerator=\count184
\makeMPintoPDFobject=\count185
\everyMPtoPDFconversion=\toks26
) (d:/tex/texmf-dist/tex/latex/oberdiek/epstopdf-base.sty
Package: epstopdf-base 2016/05/15 v2.6 Base part for package epstopdf

(d:/tex/texmf-dist/tex/latex/oberdiek/grfext.sty
Package: grfext 2016/05/16 v1.2 Manage graphics extensions (HO)
)
Package epstopdf-base Info: Redefining graphics rule for `.eps' on input line 4
38.
Package grfext Info: Graphics extension search list:
(grfext)             [.png,.pdf,.jpg,.mps,.jpeg,.jbig2,.jb2,.PNG,.PDF,.JPG,.JPE
G,.JBIG2,.JB2,.eps]
(grfext)             \AppendGraphicsExtensions on input line 456.

(d:/tex/texmf-dist/tex/latex/latexconfig/epstopdf-sys.cfg
File: epstopdf-sys.cfg 2010/07/13 v1.3 Configuration of (r)epstopdf for TeX Liv
e
))
\AtBeginShipoutBox=\box63
Package hyperref Info: Link coloring OFF on input line 13.

(d:/tex/texmf-dist/tex/latex/hyperref/nameref.sty
Package: nameref 2016/05/21 v2.44 Cross-referencing by name of section

(d:/tex/texmf-dist/tex/generic/oberdiek/gettitlestring.sty
Package: gettitlestring 2016/05/16 v1.5 Cleanup title references (HO)
)
\c@section@level=\count186
)
LaTeX Info: Redefining \ref on input line 13.
LaTeX Info: Redefining \pageref on input line 13.
LaTeX Info: Redefining \nameref on input line 13.

(./homework-sto.out) (./homework-sto.out)
\@outlinefile=\write3
\openout3 = `homework-sto.out'.

LaTeX Font Info:    Try loading font information for C70+rm on input line 16.

(d:/tex/texmf-dist/tex/latex/ctex/fd/c70rm.fd
File: c70rm.fd 2017/02/23 v2.4.8 Chinese font definition (CTEX)
)

LaTeX Font Warning: Font shape `OMX/cmex/m/n' in size <10.53937> not available
(Font)              size <10.95> substituted on input line 18.


Overfull \hbox (30.07281pt too wide) in paragraph at lines 35--36
 \OT1/cmr/bx/n/10.53937 MIN-IST[] \C70/rm/m/n/10.53937/4e ^^@ \C70/rm/m/n/10.53
937/51 q\OT1/cmr/m/n/10.53937 70000\C70/rm/m/n/10.53937/4e * \C70/rm/m/n/10.539
37/68 7 \C70/rm/m/n/10.53937/67 ,\OT1/cmr/m/n/10.53937 ,\C70/rm/m/n/10.53937/51
 v \C70/rm/m/n/10.53937/4e - \C70/rm/m/n/10.53937/6b  \C70/rm/m/n/10.53937/4e 
*$\OML/cmm/m/it/10.53937 x[]$\C70/rm/m/n/10.53937/66 /\OT1/cmr/m/n/10.53937 28*
28\C70/rm/m/n/10.53937/76  \C70/rm/m/n/10.53937/70 p \C70/rm/m/n/10.53937/5e 
 \C70/rm/m/n/10.53937/77  \C70/rm/m/n/10.53937/96 5 \C70/rm/m/n/10.53937/54 ^^
Q \C70/rm/m/n/10.53937/91  \C70/rm/m/n/10.53937/53 ^^V \C70/rm/m/n/10.53937/76
  \C70/rm/m/n/10.53937/7e  \C70/rm/m/n/10.53937/67 \OT1/cmr/m/n/10.53937 ,\C
70/rm/m/n/10.53937/80 ^^L$\OML/cmm/m/it/10.53937 y[]$\C70/rm/m/n/10.53937/66 /
 []

(d:/tex/texmf-dist/tex/generic/ctex/zhwindowsfonts.tex
File: zhwindowsfonts.tex 2017/02/23 v2.4.8 Windows font map loader for pdfTeX a
nd DVIPDFMx (CTEX)
) [1

]

LaTeX Warning: Reference `al2' on page 2 undefined on input line 72.


LaTeX Warning: Reference `equ:W' on page 2 undefined on input line 72.

[2]
LaTeX Font Info:    Try loading font information for OMS+cmr on input line 109.

 (d:/tex/texmf-dist/tex/latex/base/omscmr.fd
File: omscmr.fd 2014/09/29 v2.5h Standard LaTeX font definitions
)
LaTeX Font Info:    Font shape `OMS/cmr/m/n' in size <10.53937> not available
(Font)              Font shape `OMS/cmsy/m/n' tried instead on input line 109.
 [3]
Overfull \hbox (0.60347pt too wide) in paragraph at lines 121--122
 \C70/rm/bx/n/10.53937/7e  \C70/rm/bx/n/10.53937/67  \C70/rm/bx/n/10.53937/53
  \C70/rm/bx/n/10.53937/68 7[] \C70/rm/m/n/10.53937/75 1 \C70/rm/m/n/10.53937/
4e \OT1/cmr/m/n/10.53937 R(w)\C70/rm/m/n/10.53937/76  \C70/rm/m/n/10.53937/8b
  \C70/rm/m/n/10.53937/7b  \C70/rm/m/n/10.53937/91  \C70/rm/m/n/10.53937/59 
* '\OT1/cmr/m/n/10.53937 ,\C70/rm/m/n/10.53937/57 ( \C70/rm/m/n/10.53937/5c U \
C70/rm/m/n/10.53937/79 : \C70/rm/m/n/10.53937/7e  \C70/rm/m/n/10.53937/67  \C
70/rm/m/n/10.53937/65 \OT1/cmr/m/n/10.53937 ,\C70/rm/m/n/10.53937/62 ^^Q \C70/
rm/m/n/10.53937/4e  \C70/rm/m/n/10.53937/53  \C70/rm/m/n/10.53937/7b I \C70/r
m/m/n/10.53937/8d  \C70/rm/m/n/10.53937/76  \C70/rm/m/n/10.53937/90 	 \C70/rm
/m/n/10.53937/53  \C70/rm/m/n/10.53937/4e \OT1/cmr/m/n/10.53937 20\C70/rm/m/n
/10.53937/4e *
 []

Package epstopdf Info: Source file: <1-10-a.eps>
(epstopdf)                    date: 2018-04-23 17:04:51
(epstopdf)                    size: 49917 bytes
(epstopdf)             Output file: <1-10-a-eps-converted-to.pdf>
(epstopdf)                    date: 2018-04-23 17:42:54
(epstopdf)                    size: 12328 bytes
(epstopdf)             Command: <repstopdf --outfile=1-10-a-eps-converted-to.pd
f 1-10-a.eps>
(epstopdf)             \includegraphics on input line 130.
Package epstopdf Info: Output file is already uptodate.
<1-10-a-eps-converted-to.pdf, id=214, 648.4225pt x 327.2225pt>
File: 1-10-a-eps-converted-to.pdf Graphic file (type pdf)

<use 1-10-a-eps-converted-to.pdf>
Package pdftex.def Info: 1-10-a-eps-converted-to.pdf used on input line 130.
(pdftex.def)             Requested size: 361.34999pt x 182.35458pt.

Overfull \hbox (16.34999pt too wide) in paragraph at lines 130--132
 [][] 
 []

Package epstopdf Info: Source file: <1-10-b.eps>
(epstopdf)                    date: 2018-04-23 17:05:08
(epstopdf)                    size: 65092 bytes
(epstopdf)             Output file: <1-10-b-eps-converted-to.pdf>
(epstopdf)                    date: 2018-04-23 17:43:10
(epstopdf)                    size: 16061 bytes
(epstopdf)             Command: <repstopdf --outfile=1-10-b-eps-converted-to.pd
f 1-10-b.eps>
(epstopdf)             \includegraphics on input line 134.
Package epstopdf Info: Output file is already uptodate.
<1-10-b-eps-converted-to.pdf, id=215, 647.41875pt x 324.21124pt>
File: 1-10-b-eps-converted-to.pdf Graphic file (type pdf)

<use 1-10-b-eps-converted-to.pdf>
Package pdftex.def Info: 1-10-b-eps-converted-to.pdf used on input line 134.
(pdftex.def)             Requested size: 361.34999pt x 180.9535pt.

Overfull \hbox (16.34999pt too wide) in paragraph at lines 134--136
 [][] 
 []

Package epstopdf Info: Source file: <1-1-a.eps>
(epstopdf)                    date: 2018-04-23 17:07:44
(epstopdf)                    size: 47123 bytes
(epstopdf)             Output file: <1-1-a-eps-converted-to.pdf>
(epstopdf)                    date: 2018-04-23 17:46:38
(epstopdf)                    size: 12395 bytes
(epstopdf)             Command: <repstopdf --outfile=1-1-a-eps-converted-to.pdf
 1-1-a.eps>
(epstopdf)             \includegraphics on input line 139.
Package epstopdf Info: Output file is already uptodate.
<1-1-a-eps-converted-to.pdf, id=216, 628.3475pt x 316.18124pt>
File: 1-1-a-eps-converted-to.pdf Graphic file (type pdf)

<use 1-1-a-eps-converted-to.pdf>
Package pdftex.def Info: 1-1-a-eps-converted-to.pdf used on input line 139.
(pdftex.def)             Requested size: 361.34999pt x 181.82692pt.

Overfull \hbox (16.34999pt too wide) in paragraph at lines 139--141
 [][] 
 []

Package epstopdf Info: Source file: <1-1-b.eps>
(epstopdf)                    date: 2018-04-23 17:07:56
(epstopdf)                    size: 62049 bytes
(epstopdf)             Output file: <1-1-b-eps-converted-to.pdf>
(epstopdf)                    date: 2018-04-23 17:46:40
(epstopdf)                    size: 16179 bytes
(epstopdf)             Command: <repstopdf --outfile=1-1-b-eps-converted-to.pdf
 1-1-b.eps>
(epstopdf)             \includegraphics on input line 144.
Package epstopdf Info: Output file is already uptodate.
<1-1-b-eps-converted-to.pdf, id=217, 634.37pt x 316.18124pt>
File: 1-1-b-eps-converted-to.pdf Graphic file (type pdf)

<use 1-1-b-eps-converted-to.pdf>
Package pdftex.def Info: 1-1-b-eps-converted-to.pdf used on input line 144.
(pdftex.def)             Requested size: 361.34999pt x 180.10939pt.

Overfull \hbox (16.34999pt too wide) in paragraph at lines 144--146
 [][] 
 []

Package epstopdf Info: Source file: <1-01-a.eps>
(epstopdf)                    date: 2018-04-23 17:10:38
(epstopdf)                    size: 46449 bytes
(epstopdf)             Output file: <1-01-a-eps-converted-to.pdf>
(epstopdf)                    date: 2018-04-23 17:48:19
(epstopdf)                    size: 12442 bytes
(epstopdf)             Command: <repstopdf --outfile=1-01-a-eps-converted-to.pd
f 1-01-a.eps>
(epstopdf)             \includegraphics on input line 149.
Package epstopdf Info: Output file is already uptodate.
<1-01-a-eps-converted-to.pdf, id=218, 589.20125pt x 316.18124pt>
File: 1-01-a-eps-converted-to.pdf Graphic file (type pdf)

<use 1-01-a-eps-converted-to.pdf>
Package pdftex.def Info: 1-01-a-eps-converted-to.pdf used on input line 149.
(pdftex.def)             Requested size: 361.34999pt x 193.91237pt.

Overfull \hbox (16.34999pt too wide) in paragraph at lines 149--151
 [][] 
 []

Package epstopdf Info: Source file: <1-01-b.eps>
(epstopdf)                    date: 2018-04-23 17:11:04
(epstopdf)                    size: 59905 bytes
(epstopdf)             Output file: <1-01-b-eps-converted-to.pdf>
(epstopdf)                    date: 2018-04-23 17:48:21
(epstopdf)                    size: 15378 bytes
(epstopdf)             Command: <repstopdf --outfile=1-01-b-eps-converted-to.pd
f 1-01-b.eps>
(epstopdf)             \includegraphics on input line 154.
Package epstopdf Info: Output file is already uptodate.
<1-01-b-eps-converted-to.pdf, id=219, 587.19376pt x 316.18124pt>
File: 1-01-b-eps-converted-to.pdf Graphic file (type pdf)

<use 1-01-b-eps-converted-to.pdf>
Package pdftex.def Info: 1-01-b-eps-converted-to.pdf used on input line 154.
(pdftex.def)             Requested size: 361.34999pt x 194.57333pt.

Overfull \hbox (16.34999pt too wide) in paragraph at lines 154--156
 [][] 
 []

Package epstopdf Info: Source file: <1-0001-a.eps>
(epstopdf)                    date: 2018-04-23 17:20:42
(epstopdf)                    size: 45908 bytes
(epstopdf)             Output file: <1-0001-a-eps-converted-to.pdf>
(epstopdf)                    date: 2018-04-23 17:48:22
(epstopdf)                    size: 11129 bytes
(epstopdf)             Command: <repstopdf --outfile=1-0001-a-eps-converted-to.
pdf 1-0001-a.eps>
(epstopdf)             \includegraphics on input line 158.
Package epstopdf Info: Output file is already uptodate.
<1-0001-a-eps-converted-to.pdf, id=220, 612.2875pt x 316.18124pt>
File: 1-0001-a-eps-converted-to.pdf Graphic file (type pdf)

<use 1-0001-a-eps-converted-to.pdf>
Package pdftex.def Info: 1-0001-a-eps-converted-to.pdf used on input line 158.
(pdftex.def)             Requested size: 361.34999pt x 186.59837pt.

Overfull \hbox (16.34999pt too wide) in paragraph at lines 158--160
 [][] 
 []

Package epstopdf Info: Source file: <1-0001-b.eps>
(epstopdf)                    date: 2018-04-23 17:20:34
(epstopdf)                    size: 60649 bytes
(epstopdf)             Output file: <1-0001-b-eps-converted-to.pdf>
(epstopdf)                    date: 2018-04-23 17:48:24
(epstopdf)                    size: 15049 bytes
(epstopdf)             Command: <repstopdf --outfile=1-0001-b-eps-converted-to.
pdf 1-0001-b.eps>
(epstopdf)             \includegraphics on input line 162.
Package epstopdf Info: Output file is already uptodate.
<1-0001-b-eps-converted-to.pdf, id=221, 612.2875pt x 316.18124pt>
File: 1-0001-b-eps-converted-to.pdf Graphic file (type pdf)

<use 1-0001-b-eps-converted-to.pdf>
Package pdftex.def Info: 1-0001-b-eps-converted-to.pdf used on input line 162.
(pdftex.def)             Requested size: 361.34999pt x 186.59837pt.

Overfull \hbox (16.34999pt too wide) in paragraph at lines 162--164
 [][] 
 []

Package epstopdf Info: Source file: <1-n-a.eps>
(epstopdf)                    date: 2018-04-23 17:24:36
(epstopdf)                    size: 45900 bytes
(epstopdf)             Output file: <1-n-a-eps-converted-to.pdf>
(epstopdf)                    date: 2018-04-23 17:48:26
(epstopdf)                    size: 11375 bytes
(epstopdf)             Command: <repstopdf --outfile=1-n-a-eps-converted-to.pdf
 1-n-a.eps>
(epstopdf)             \includegraphics on input line 166.
Package epstopdf Info: Output file is already uptodate.
<1-n-a-eps-converted-to.pdf, id=222, 650.43pt x 316.18124pt>
File: 1-n-a-eps-converted-to.pdf Graphic file (type pdf)

<use 1-n-a-eps-converted-to.pdf>
Package pdftex.def Info: 1-n-a-eps-converted-to.pdf used on input line 166.
(pdftex.def)             Requested size: 361.34999pt x 175.66116pt.

Overfull \hbox (16.34999pt too wide) in paragraph at lines 166--168
 [][] 
 []

Package epstopdf Info: Source file: <1-n-b.eps>
(epstopdf)                    date: 2018-04-23 17:24:54
(epstopdf)                    size: 60586 bytes
(epstopdf)             Output file: <1-n-b-eps-converted-to.pdf>
(epstopdf)                    date: 2018-04-23 17:48:27
(epstopdf)                    size: 14898 bytes
(epstopdf)             Command: <repstopdf --outfile=1-n-b-eps-converted-to.pdf
 1-n-b.eps>
(epstopdf)             \includegraphics on input line 170.
Package epstopdf Info: Output file is already uptodate.
<1-n-b-eps-converted-to.pdf, id=223, 647.41875pt x 316.18124pt>
File: 1-n-b-eps-converted-to.pdf Graphic file (type pdf)

<use 1-n-b-eps-converted-to.pdf>
Package pdftex.def Info: 1-n-b-eps-converted-to.pdf used on input line 170.
(pdftex.def)             Requested size: 361.34999pt x 176.4717pt.

Overfull \hbox (16.34999pt too wide) in paragraph at lines 170--172
 [][] 
 []

Package epstopdf Info: Source file: <1-n-c.eps>
(epstopdf)                    date: 2018-04-23 17:30:30
(epstopdf)                    size: 48943 bytes
(epstopdf)             Output file: <1-n-c-eps-converted-to.pdf>
(epstopdf)                    date: 2018-04-23 17:48:29
(epstopdf)                    size: 12582 bytes
(epstopdf)             Command: <repstopdf --outfile=1-n-c-eps-converted-to.pdf
 1-n-c.eps>
(epstopdf)             \includegraphics on input line 175.
Package epstopdf Info: Output file is already uptodate.
<1-n-c-eps-converted-to.pdf, id=224, 700.6175pt x 316.18124pt>
File: 1-n-c-eps-converted-to.pdf Graphic file (type pdf)

<use 1-n-c-eps-converted-to.pdf>
Package pdftex.def Info: 1-n-c-eps-converted-to.pdf used on input line 175.
(pdftex.def)             Requested size: 361.34999pt x 163.07396pt.

Overfull \hbox (16.34999pt too wide) in paragraph at lines 175--176
 [][] 
 []

Package epstopdf Info: Source file: <1-n-sag.eps>
(epstopdf)                    date: 2018-04-23 17:32:31
(epstopdf)                    size: 19309 bytes
(epstopdf)             Output file: <1-n-sag-eps-converted-to.pdf>
(epstopdf)                    date: 2018-04-23 17:48:31
(epstopdf)                    size: 7626 bytes
(epstopdf)             Command: <repstopdf --outfile=1-n-sag-eps-converted-to.p
df 1-n-sag.eps>
(epstopdf)             \includegraphics on input line 180.
Package epstopdf Info: Output file is already uptodate.
<1-n-sag-eps-converted-to.pdf, id=225, 421.575pt x 316.18124pt>
File: 1-n-sag-eps-converted-to.pdf Graphic file (type pdf)

<use 1-n-sag-eps-converted-to.pdf>
Package pdftex.def Info: 1-n-sag-eps-converted-to.pdf used on input line 180.
(pdftex.def)             Requested size: 361.34999pt x 271.01802pt.

Overfull \hbox (16.34999pt too wide) in paragraph at lines 180--181
 [][] 
 []

Package epstopdf Info: Source file: <2-10-a.eps>
(epstopdf)                    date: 2018-04-23 18:24:08
(epstopdf)                    size: 45394 bytes
(epstopdf)             Output file: <2-10-a-eps-converted-to.pdf>
(epstopdf)                    date: 2018-04-23 18:50:22
(epstopdf)                    size: 11585 bytes
(epstopdf)             Command: <repstopdf --outfile=2-10-a-eps-converted-to.pd
f 2-10-a.eps>
(epstopdf)             \includegraphics on input line 188.
Package epstopdf Info: Output file is already uptodate.
<2-10-a-eps-converted-to.pdf, id=228, 610.28pt x 316.18124pt>
File: 2-10-a-eps-converted-to.pdf Graphic file (type pdf)

<use 2-10-a-eps-converted-to.pdf>
Package pdftex.def Info: 2-10-a-eps-converted-to.pdf used on input line 188.
(pdftex.def)             Requested size: 361.34999pt x 187.22075pt.

Overfull \hbox (16.34999pt too wide) in paragraph at lines 188--190
 [][] 
 []

Package epstopdf Info: Source file: <2-10-b.eps>
(epstopdf)                    date: 2018-04-23 18:24:01
(epstopdf)                    size: 60243 bytes
(epstopdf)             Output file: <2-10-b-eps-converted-to.pdf>
(epstopdf)                    date: 2018-04-23 18:50:24
(epstopdf)                    size: 15136 bytes
(epstopdf)             Command: <repstopdf --outfile=2-10-b-eps-converted-to.pd
f 2-10-b.eps>
(epstopdf)             \includegraphics on input line 192.
Package epstopdf Info: Output file is already uptodate.
<2-10-b-eps-converted-to.pdf, id=229, 610.28pt x 316.18124pt>
File: 2-10-b-eps-converted-to.pdf Graphic file (type pdf)

<use 2-10-b-eps-converted-to.pdf>
Package pdftex.def Info: 2-10-b-eps-converted-to.pdf used on input line 192.
(pdftex.def)             Requested size: 361.34999pt x 187.22075pt.

Overfull \hbox (16.34999pt too wide) in paragraph at lines 192--194
 [][] 
 []


Overfull \hbox (17.72995pt too wide) in paragraph at lines 186--195
[]\C70/rm/m/n/10.53937/4e ^^N K \C70/rm/m/n/10.53937/52 M \C70/rm/m/n/10.53937/
4e ^^@ \C70/rm/m/n/10.53937/68 7\OT1/cmr/m/n/10.53937 ,\C70/rm/m/n/10.53937/67 
^^@ \C70/rm/m/n/10.53937/54 ^^N \C70/rm/m/n/10.53937/4e $ \C70/rm/m/n/10.53937/
5e E \C70/rm/m/n/10.53937/56  \C70/rm/m/n/10.53937/4e ^^N \C70/rm/m/n/10.53937
/51 v \C70/rm/m/n/10.53937/4e  \C70/rm/m/n/10.53937/75 e \C70/rm/m/n/10.53937/
67 	 \C70/rm/m/n/10.53937/53 : \C70/rm/m/n/10.53937/52 +\OT1/cmr/m/n/10.53937 :
[]3[] \C70/rm/m/n/10.53937/66 / \C70/rm/m/n/10.53937/53  \C70/rm/m/n/10.53937/
63  \C70/rm/m/n/10.53937/52 ^^] \C70/rm/m/n/10.53937/59  \C70/rm/m/n/10.53937
/70  \C70/rm/m/n/10.53937/54 ^^N\OT1/cmr/m/n/10.53937 ,SAG\C70/rm/m/n/10.53937
/4e ^^N\OT1/cmr/m/n/10.53937 SVRG\C70/rm/m/n/10.53937/76 
 []

Package epstopdf Info: Source file: <2-1-a.eps>
(epstopdf)                    date: 2018-04-23 18:26:58
(epstopdf)                    size: 45179 bytes
(epstopdf)             Output file: <2-1-a-eps-converted-to.pdf>
(epstopdf)                    date: 2018-04-23 18:50:25
(epstopdf)                    size: 10878 bytes
(epstopdf)             Command: <repstopdf --outfile=2-1-a-eps-converted-to.pdf
 2-1-a.eps>
(epstopdf)             \includegraphics on input line 197.
Package epstopdf Info: Output file is already uptodate.
<2-1-a-eps-converted-to.pdf, id=230, 630.355pt x 316.18124pt>
File: 2-1-a-eps-converted-to.pdf Graphic file (type pdf)

<use 2-1-a-eps-converted-to.pdf>
Package pdftex.def Info: 2-1-a-eps-converted-to.pdf used on input line 197.
(pdftex.def)             Requested size: 361.34999pt x 181.25279pt.

Overfull \hbox (16.34999pt too wide) in paragraph at lines 197--199
 [][] 
 []

Package epstopdf Info: Source file: <2-1-b.eps>
(epstopdf)                    date: 2018-04-23 18:27:05
(epstopdf)                    size: 59712 bytes
(epstopdf)             Output file: <2-1-b-eps-converted-to.pdf>
(epstopdf)                    date: 2018-04-23 18:50:27
(epstopdf)                    size: 14276 bytes
(epstopdf)             Command: <repstopdf --outfile=2-1-b-eps-converted-to.pdf
 2-1-b.eps>
(epstopdf)             \includegraphics on input line 202.
Package epstopdf Info: Output file is already uptodate.
<2-1-b-eps-converted-to.pdf, id=231, 629.35126pt x 316.18124pt>
File: 2-1-b-eps-converted-to.pdf Graphic file (type pdf)

<use 2-1-b-eps-converted-to.pdf>
Package pdftex.def Info: 2-1-b-eps-converted-to.pdf used on input line 202.
(pdftex.def)             Requested size: 361.34999pt x 181.53745pt.

Overfull \hbox (16.34999pt too wide) in paragraph at lines 202--204
 [][] 
 []

Package epstopdf Info: Source file: <2-01-a.eps>
(epstopdf)                    date: 2018-04-23 18:29:28
(epstopdf)                    size: 45226 bytes
(epstopdf)             Output file: <2-01-a-eps-converted-to.pdf>
(epstopdf)                    date: 2018-04-23 18:50:29
(epstopdf)                    size: 10964 bytes
(epstopdf)             Command: <repstopdf --outfile=2-01-a-eps-converted-to.pd
f 2-01-a.eps>
(epstopdf)             \includegraphics on input line 207.
Package epstopdf Info: Output file is already uptodate.
<2-01-a-eps-converted-to.pdf, id=232, 603.25375pt x 316.18124pt>
File: 2-01-a-eps-converted-to.pdf Graphic file (type pdf)

<use 2-01-a-eps-converted-to.pdf>
Package pdftex.def Info: 2-01-a-eps-converted-to.pdf used on input line 207.
(pdftex.def)             Requested size: 361.34999pt x 189.39178pt.

Overfull \hbox (16.34999pt too wide) in paragraph at lines 207--209
 [][] 
 []

Package epstopdf Info: Source file: <2-01-b.eps>
(epstopdf)                    date: 2018-04-23 18:29:35
(epstopdf)                    size: 59942 bytes
(epstopdf)             Output file: <2-01-b-eps-converted-to.pdf>
(epstopdf)                    date: 2018-04-23 18:50:30
(epstopdf)                    size: 14232 bytes
(epstopdf)             Command: <repstopdf --outfile=2-01-b-eps-converted-to.pd
f 2-01-b.eps>
(epstopdf)             \includegraphics on input line 212.
Package epstopdf Info: Output file is already uptodate.
<2-01-b-eps-converted-to.pdf, id=233, 603.25375pt x 316.18124pt>
File: 2-01-b-eps-converted-to.pdf Graphic file (type pdf)

<use 2-01-b-eps-converted-to.pdf>
Package pdftex.def Info: 2-01-b-eps-converted-to.pdf used on input line 212.
(pdftex.def)             Requested size: 361.34999pt x 189.39178pt.

Overfull \hbox (16.34999pt too wide) in paragraph at lines 212--214
 [][] 
 []

Package epstopdf Info: Source file: <2-0001-a.eps>
(epstopdf)                    date: 2018-04-23 18:32:11
(epstopdf)                    size: 45282 bytes
(epstopdf)             Output file: <2-0001-a-eps-converted-to.pdf>
(epstopdf)                    date: 2018-04-23 18:50:32
(epstopdf)                    size: 11188 bytes
(epstopdf)             Command: <repstopdf --outfile=2-0001-a-eps-converted-to.
pdf 2-0001-a.eps>
(epstopdf)             \includegraphics on input line 216.
Package epstopdf Info: Output file is already uptodate.
<2-0001-a-eps-converted-to.pdf, id=234, 597.23125pt x 316.18124pt>
File: 2-0001-a-eps-converted-to.pdf Graphic file (type pdf)

<use 2-0001-a-eps-converted-to.pdf>
Package pdftex.def Info: 2-0001-a-eps-converted-to.pdf used on input line 216.
(pdftex.def)             Requested size: 361.34999pt x 191.30229pt.

Overfull \hbox (16.34999pt too wide) in paragraph at lines 216--218
 [][] 
 []

Package epstopdf Info: Source file: <2-0001-b.eps>
(epstopdf)                    date: 2018-04-23 18:32:20
(epstopdf)                    size: 61030 bytes
(epstopdf)             Output file: <2-0001-b-eps-converted-to.pdf>
(epstopdf)                    date: 2018-04-23 18:50:34
(epstopdf)                    size: 15407 bytes
(epstopdf)             Command: <repstopdf --outfile=2-0001-b-eps-converted-to.
pdf 2-0001-b.eps>
(epstopdf)             \includegraphics on input line 220.
Package epstopdf Info: Output file is already uptodate.
<2-0001-b-eps-converted-to.pdf, id=235, 607.26875pt x 316.18124pt>
File: 2-0001-b-eps-converted-to.pdf Graphic file (type pdf)

<use 2-0001-b-eps-converted-to.pdf>
Package pdftex.def Info: 2-0001-b-eps-converted-to.pdf used on input line 220.
(pdftex.def)             Requested size: 361.34999pt x 188.14223pt.

Overfull \hbox (16.34999pt too wide) in paragraph at lines 220--222
 [][] 
 []

Package epstopdf Info: Source file: <2-n-a.eps>
(epstopdf)                    date: 2018-04-23 18:37:30
(epstopdf)                    size: 48515 bytes
(epstopdf)             Output file: <2-n-a-eps-converted-to.pdf>
(epstopdf)                    date: 2018-04-23 18:50:35
(epstopdf)                    size: 12246 bytes
(epstopdf)             Command: <repstopdf --outfile=2-n-a-eps-converted-to.pdf
 2-n-a.eps>
(epstopdf)             \includegraphics on input line 224.
Package epstopdf Info: Output file is already uptodate.
<2-n-a-eps-converted-to.pdf, id=236, 631.35875pt x 324.21124pt>
File: 2-n-a-eps-converted-to.pdf Graphic file (type pdf)

<use 2-n-a-eps-converted-to.pdf>
Package pdftex.def Info: 2-n-a-eps-converted-to.pdf used on input line 224.
(pdftex.def)             Requested size: 361.34999pt x 185.55922pt.

Overfull \hbox (16.34999pt too wide) in paragraph at lines 224--226
 [][] 
 []

Package epstopdf Info: Source file: <2-n-b.eps>
(epstopdf)                    date: 2018-04-23 18:37:40
(epstopdf)                    size: 62308 bytes
(epstopdf)             Output file: <2-n-b-eps-converted-to.pdf>
(epstopdf)                    date: 2018-04-23 18:50:37
(epstopdf)                    size: 15844 bytes
(epstopdf)             Command: <repstopdf --outfile=2-n-b-eps-converted-to.pdf
 2-n-b.eps>
(epstopdf)             \includegraphics on input line 228.
Package epstopdf Info: Output file is already uptodate.
<2-n-b-eps-converted-to.pdf, id=237, 630.355pt x 324.21124pt>
File: 2-n-b-eps-converted-to.pdf Graphic file (type pdf)

<use 2-n-b-eps-converted-to.pdf>
Package pdftex.def Info: 2-n-b-eps-converted-to.pdf used on input line 228.
(pdftex.def)             Requested size: 361.34999pt x 185.85605pt.

Overfull \hbox (16.34999pt too wide) in paragraph at lines 228--230
 [][] 
 []

Package epstopdf Info: Source file: <2-n-c.eps>
(epstopdf)                    date: 2018-04-23 18:39:11
(epstopdf)                    size: 23348 bytes
(epstopdf)             Output file: <2-n-c-eps-converted-to.pdf>
(epstopdf)                    date: 2018-04-23 18:50:39
(epstopdf)                    size: 8302 bytes
(epstopdf)             Command: <repstopdf --outfile=2-n-c-eps-converted-to.pdf
 2-n-c.eps>
(epstopdf)             \includegraphics on input line 233.
Package epstopdf Info: Output file is already uptodate.
<2-n-c-eps-converted-to.pdf, id=238, 421.575pt x 316.18124pt>
File: 2-n-c-eps-converted-to.pdf Graphic file (type pdf)

<use 2-n-c-eps-converted-to.pdf>
Package pdftex.def Info: 2-n-c-eps-converted-to.pdf used on input line 233.
(pdftex.def)             Requested size: 361.34999pt x 271.01802pt.

Overfull \hbox (16.34999pt too wide) in paragraph at lines 233--234
 [][] 
 []

Package epstopdf Info: Source file: <2-n-sag.eps>
(epstopdf)                    date: 2018-04-23 18:43:57
(epstopdf)                    size: 19153 bytes
(epstopdf)             Output file: <2-n-sag-eps-converted-to.pdf>
(epstopdf)                    date: 2018-04-23 18:50:40
(epstopdf)                    size: 6869 bytes
(epstopdf)             Command: <repstopdf --outfile=2-n-sag-eps-converted-to.p
df 2-n-sag.eps>
(epstopdf)             \includegraphics on input line 238.
Package epstopdf Info: Output file is already uptodate.
<2-n-sag-eps-converted-to.pdf, id=239, 421.575pt x 316.18124pt>
File: 2-n-sag-eps-converted-to.pdf Graphic file (type pdf)

<use 2-n-sag-eps-converted-to.pdf>
Package pdftex.def Info: 2-n-sag-eps-converted-to.pdf used on input line 238.
(pdftex.def)             Requested size: 361.34999pt x 271.01802pt.

Overfull \hbox (16.34999pt too wide) in paragraph at lines 238--239
 [][] 
 []


Overfull \hbox (46.84335pt too wide) in paragraph at lines 246--247
[]\C70/rm/m/n/10.53937/5b  \C70/rm/m/n/10.53937/4e  $ * \C70/rm/m/n/10.53937/
65 p \C70/rm/m/n/10.53937/63 n \C70/rm/m/n/10.53937/96 \OT1/cmr/m/n/10.53937 ,
\C70/rm/m/n/10.53937/96  \C70/rm/m/n/10.53937/77 @$\OML/cmm/m/it/10.53937 ^^U$
\C70/rm/m/n/10.53937/76  \C70/rm/m/n/10.53937/51  \C70/rm/m/n/10.53937/5c ^^O
\OT1/cmr/m/n/10.53937 ,SVRG\C70/rm/m/n/10.53937/5f  \C70/rm/m/n/10.53937/52 0 
\C70/rm/m/n/10.53937/76 \OT1/cmr/m/n/10.53937 ERROR\C70/rm/m/n/10.53937/96  \
C70/rm/m/n/10.53937/4e K \C70/rm/m/n/10.53937/51  \C70/rm/m/n/10.53937/5c ^^O\
OT1/cmr/m/n/10.53937 ,\C70/rm/m/n/10.53937/76  \C70/rm/m/n/10.53937/81 \OT1/c
mr/m/n/10.53937 1/n\C70/rm/m/n/10.53937/65 \OT1/cmr/m/n/10.53937 ,error\C70/rm
/m/n/10.53937/80 
 []

[4] [5 <./1-10-a-eps-converted-to.pdf> <./1-10-b-eps-converted-to.pdf>]
[6 <./1-1-a-eps-converted-to.pdf> <./1-1-b-eps-converted-to.pdf>] [7 <./1-01-a-
eps-converted-to.pdf> <./1-01-b-eps-converted-to.pdf>] [8 <./1-0001-a-eps-conve
rted-to.pdf> <./1-0001-b-eps-converted-to.pdf>] [9 <./1-n-a-eps-converted-to.pd
f> <./1-n-b-eps-converted-to.pdf>] [10 <./1-n-c-eps-converted-to.pdf> <./1-n-sa
g-eps-converted-to.pdf>] [11 <./2-10-a-eps-converted-to.pdf> <./2-10-b-eps-conv
erted-to.pdf>] [12 <./2-1-a-eps-converted-to.pdf> <./2-1-b-eps-converted-to.pdf
>] [13 <./2-01-a-eps-converted-to.pdf> <./2-01-b-eps-converted-to.pdf>]
[14 <./2-0001-a-eps-converted-to.pdf> <./2-0001-b-eps-converted-to.pdf>]
[15 <./2-n-a-eps-converted-to.pdf> <./2-n-b-eps-converted-to.pdf>] [16 <./2-n-c
-eps-converted-to.pdf>] [17 <./2-n-sag-eps-converted-to.pdf>]
Package atveryend Info: Empty hook `BeforeClearDocument' on input line 253.
 [18]
Package atveryend Info: Empty hook `AfterLastShipout' on input line 253.

(./homework-sto.aux)
Package atveryend Info: Executing hook `AtVeryEndDocument' on input line 253.
Package atveryend Info: Executing hook `AtEndAfterFileList' on input line 253.
Package rerunfilecheck Info: File `homework-sto.out' has not changed.
(rerunfilecheck)             Checksum: 848C745AD96108954F6BC4C562A40568;994.


LaTeX Font Warning: Size substitutions with differences
(Font)              up to 0.41063pt have occurred.


LaTeX Warning: There were undefined references.

Package atveryend Info: Empty hook `AtVeryVeryEnd' on input line 253.
 )
(\end occurred inside a group at level 1)

### simple group (level 1) entered at line 1061 ({)
### bottom level 
Here is how much of TeX's memory you used:
 23735 strings out of 493013
 395125 string characters out of 6141124
 465564 words of memory out of 5000000
 26671 multiletter control sequences out of 15000+600000
 38039 words of font info for 140 fonts, out of 8000000 for 9000
 1141 hyphenation exceptions out of 8191
 42i,16n,56p,10440b,3011s stack positions out of 5000i,500n,10000p,200000b,80000s
<c:/WINDOWS/fonts/simsun.ttc><c:/WINDOWS/fonts/simsun.ttc><c:/W
INDOWS/fonts/simsun.ttc><c:/WINDOWS/fonts/simsun.ttc><c:/WINDOWS/fonts/simsun.t
tc><c:/WINDOWS/fonts/simhei.ttf><c:/WINDOWS/fonts/simsun.ttc><c:/WINDOWS/fonts/
simsun.ttc><c:/WINDOWS/fonts/simhei.ttf><c:/WINDOWS/fonts/simsun.ttc><c:/WINDOW
S/fonts/simsun.ttc><c:/WINDOWS/fonts/simhei.ttf><c:/WINDOWS/fonts/simhei.ttf><c
:/WINDOWS/fonts/simhei.ttf><c:/WINDOWS/fonts/simsun.ttc><c:/WINDOWS/fonts/simhe
i.ttf><c:/WINDOWS/fonts/simsun.ttc><c:/WINDOWS/fonts/simsun.ttc><c:/WINDOWS/fon
ts/simsun.ttc><c:/WINDOWS/fonts/simsun.ttc><c:/WINDOWS/fonts/simsun.ttc><c:/WIN
DOWS/fonts/simsun.ttc><c:/WINDOWS/fonts/simhei.ttf><c:/WINDOWS/fonts/simhei.ttf
><c:/WINDOWS/fonts/simhei.ttf><c:/WINDOWS/fonts/simsun.ttc><c:/WINDOWS/fonts/si
msun.ttc><c:/WINDOWS/fonts/simsun.ttc><c:/WINDOWS/fonts/simsun.ttc><c:/WINDOWS/
fonts/simsun.ttc><c:/WINDOWS/fonts/simsun.ttc><c:/WINDOWS/fonts/simsun.ttc><c:/
WINDOWS/fonts/simhei.ttf><c:/WINDOWS/fonts/simhei.ttf><c:/WINDOWS/fonts/simsun.
ttc><c:/WINDOWS/fonts/simsun.ttc><c:/WINDOWS/fonts/simsun.ttc><c:/WINDOWS/fonts
/simhei.ttf><c:/WINDOWS/fonts/simhei.ttf><c:/WINDOWS/fonts/simsun.ttc><c:/WINDO
WS/fonts/simsun.ttc><c:/WINDOWS/fonts/simsun.ttc><c:/WINDOWS/fonts/simsun.ttc><
c:/WINDOWS/fonts/simsun.ttc><c:/WINDOWS/fonts/simhei.ttf><c:/WINDOWS/fonts/simh
ei.ttf><c:/WINDOWS/fonts/simhei.ttf><c:/WINDOWS/fonts/simsun.ttc><c:/WINDOWS/fo
nts/simsun.ttc><c:/WINDOWS/fonts/simsun.ttc><c:/WINDOWS/fonts/simsun.ttc><c:/WI
NDOWS/fonts/simsun.ttc><c:/WINDOWS/fonts/simsun.ttc><c:/WINDOWS/fonts/simsun.tt
c><c:/WINDOWS/fonts/simsun.ttc><c:/WINDOWS/fonts/simsun.ttc><c:/WINDOWS/fonts/s
imsun.ttc><c:/WINDOWS/fonts/simsun.ttc><c:/WINDOWS/fonts/simsun.ttc><c:/WINDOWS
/fonts/simsun.ttc><c:/WINDOWS/fonts/simsun.ttc><c:/WINDOWS/fonts/simsun.ttc><c:
/WINDOWS/fonts/simsun.ttc><c:/WINDOWS/fonts/simhei.ttf><c:/WINDOWS/fonts/simhei
.ttf><c:/WINDOWS/fonts/simhei.ttf><c:/WINDOWS/fonts/simsun.ttc><c:/WINDOWS/font
s/simsun.ttc><c:/WINDOWS/fonts/simsun.ttc><c:/WINDOWS/fonts/simsun.ttc><c:/WIND
OWS/fonts/simsun.ttc><c:/WINDOWS/fonts/simsun.ttc><c:/WINDOWS/fonts/simsun.ttc>
<c:/WINDOWS/fonts/simsun.ttc><c:/WINDOWS/fonts/simsun.ttc><c:/WINDOWS/fonts/sim
hei.ttf><c:/WINDOWS/fonts/simhei.ttf><c:/WINDOWS/fonts/simsun.ttc><c:/WINDOWS/f
onts/simsun.ttc><c:/WINDOWS/fonts/simsun.ttc><c:/WINDOWS/fonts/simsun.ttc><c:/W
INDOWS/fonts/simsun.ttc><c:/WINDOWS/fonts/simsun.ttc><d:/tex/texmf-dist/fonts/t
ype1/public/amsfonts/cm/cmbx10.pfb><d:/tex/texmf-dist/fonts/type1/public/amsfon
ts/cm/cmbx12.pfb><d:/tex/texmf-dist/fonts/type1/public/amsfonts/cm/cmbx7.pfb><d
:/tex/texmf-dist/fonts/type1/public/amsfonts/cm/cmex10.pfb><d:/tex/texmf-dist/f
onts/type1/public/amsfonts/cm/cmmi10.pfb><d:/tex/texmf-dist/fonts/type1/public/
amsfonts/cm/cmmi5.pfb><d:/tex/texmf-dist/fonts/type1/public/amsfonts/cm/cmmi7.p
fb><d:/tex/texmf-dist/fonts/type1/public/amsfonts/cm/cmr10.pfb><d:/tex/texmf-di
st/fonts/type1/public/amsfonts/cm/cmr12.pfb><d:/tex/texmf-dist/fonts/type1/publ
ic/amsfonts/cm/cmr17.pfb><d:/tex/texmf-dist/fonts/type1/public/amsfonts/cm/cmr7
.pfb><d:/tex/texmf-dist/fonts/type1/public/amsfonts/cm/cmsl10.pfb><d:/tex/texmf
-dist/fonts/type1/public/amsfonts/cm/cmsy10.pfb><d:/tex/texmf-dist/fonts/type1/
public/amsfonts/cm/cmsy7.pfb><d:/tex/texmf-dist/fonts/type1/public/amsfonts/cm/
cmti10.pfb>
Output written on homework-sto.pdf (18 pages, 747464 bytes).
PDF statistics:
 774 PDF objects out of 1000 (max. 8388607)
 544 compressed objects within 6 object streams
 59 named destinations out of 1000 (max. 500000)
 441 words of extra memory for PDF output out of 10000 (max. 10000000)

