\BOOKMARK [1][-]{section.1}{\376\377\225\356\230\230\116\000}{}% 1
\BOOKMARK [2][-]{subsection.1.1}{\376\377\000c\000v\000x\000\040\000c\000a\000l\000l\000i\000n\000g\000\040\000m\000o\000s\000e\000k\000\040\000o\000r\000\040\000g\000u\000r\000o\000b\000i}{section.1}% 2
\BOOKMARK [2][-]{subsection.1.2}{\376\377\000c\000a\000l\000l\000i\000n\000g\000\040\000m\000o\000s\000e\000k\000\040\000o\000r\000\040\000g\000u\000r\000o\000b\000i\000\040\000d\000i\000r\000e\000c\000t\000l\000y}{section.1}% 3
\BOOKMARK [3][-]{subsubsection.1.2.1}{\376\377\225\356\230\230\217\154\123\026}{subsection.1.2}% 4
\BOOKMARK [2][-]{subsection.1.3}{\376\377\000b\000r\000e\000g\000m\000a\000n\000\040\000i\000t\000e\000r\000a\000t\000i\000o\000n}{section.1}% 5
\BOOKMARK [3][-]{subsubsection.1.3.1}{\376\377\131\026\220\350\217\355\116\343}{subsection.1.3}% 6
\BOOKMARK [3][-]{subsubsection.1.3.2}{\376\377\133\120\225\356\230\230}{subsection.1.3}% 7
\BOOKMARK [3][-]{subsubsection.1.3.3}{\376\377\131\026\220\350\176\310\153\142\147\141\116\366\116\345\123\312\123\302\145\160\166\204\220\011\142\351}{subsection.1.3}% 8
\BOOKMARK [2][-]{subsection.1.4}{\376\377\000A\000D\000M\000M\000\040\000f\000o\000r\000\040\000d\000u\000a\000l}{section.1}% 9
\BOOKMARK [3][-]{subsubsection.1.4.1}{\376\377\131\026\220\350\217\355\116\343}{subsection.1.4}% 10
\BOOKMARK [3][-]{subsubsection.1.4.2}{\376\377\176\310\153\142\147\141\116\366\116\345\123\312\123\302\145\160\166\204\220\011\142\351}{subsection.1.4}% 11
\BOOKMARK [2][-]{subsection.1.5}{\376\377\145\160\120\074\176\323\147\234}{section.1}% 12
\BOOKMARK [3][-]{subsubsection.1.5.1}{\376\377\176\323\147\234\122\006\147\220}{subsection.1.5}% 13
\BOOKMARK [1][-]{section.2}{\376\377\225\356\230\230\116\214}{}% 14
\BOOKMARK [2][-]{subsection.2.1}{\376\377\145\160\143\156\116\247\165\037}{section.2}% 15
\BOOKMARK [3][-]{subsubsection.2.1.1}{\376\377\000m\000o\000d\000e\000l\0001}{subsection.2.1}% 16
\BOOKMARK [3][-]{subsubsection.2.1.2}{\376\377\000m\000o\000d\000e\000l\0002}{subsection.2.1}% 17
\BOOKMARK [2][-]{subsection.2.2}{\376\377\0001}{section.2}% 18
\BOOKMARK [3][-]{subsubsection.2.2.1}{\376\377\000d\000u\000a\000l}{subsection.2.2}% 19
\BOOKMARK [3][-]{subsubsection.2.2.2}{\376\377\000u\000s\000e\000\040\000c\000v\000x}{subsection.2.2}% 20
\BOOKMARK [3][-]{subsubsection.2.2.3}{\376\377\000m\000e\000t\000h\000o\000d}{subsection.2.2}% 21
\BOOKMARK [3][-]{subsubsection.2.2.4}{\376\377\145\160\120\074\176\323\147\234}{subsection.2.2}% 22
\BOOKMARK [3][-]{subsubsection.2.2.5}{\376\377\176\323\147\234\122\006\147\220}{subsection.2.2}% 23
\BOOKMARK [2][-]{subsection.2.3}{\376\377\0002\000\050\000e\000x\000t\000r\000a\000-\000c\000r\000e\000d\000i\000t\000\051}{section.2}% 24
\BOOKMARK [3][-]{subsubsection.2.3.1}{\376\377\000d\000u\000a\000l}{subsection.2.3}% 25
\BOOKMARK [3][-]{subsubsection.2.3.2}{\376\377\000u\000s\000e\000\040\000c\000v\000x}{subsection.2.3}% 26
